vcs -full64 -sverilog -timescale=1ns/1ps -kdb -lca -debug_access+all +lint=TFIPC-L -l compile.log +define+SYNTHESIS +incdir+. +incdir+../../../rtl/memblock ../../../rtl/memblock/memblock_pkg.sv ../../../rtl/memblock/uncache_pkg.sv ../../../rtl/memblock/sbuffer_pkg.sv ../../../rtl/memblock/tlbnonblock_pkg.sv ../../../rtl/memblock/tlbstoragewrapper_pkg.sv ../../../rtl/memblock/tlbfa_pkg.sv ../../../rtl/memblock/pmp_pkg.sv ../../../rtl/memblock/DCacheWrapper.sv ../../../rtl/memblock/Uncache.sv ../../../rtl/memblock/L2TLBWrapper.sv ../../../rtl/memblock/Sbuffer.sv ../../../rtl/memblock/TLBNonBlock.sv ../../../rtl/memblock/PMP.sv ../../../rtl/memblock/PMPChecker.sv ../../ut/DCacheWrapper/variants_xs.sv ../../ut/Uncache/variants_xs.sv ../../ut/L2TLBWrapper/variants_xs.sv ../../ut/Sbuffer/variants_xs.sv ../../ut/TLBNonBlock/variants_xs.sv ../../ut/PMP/variants_xs.sv ../../ut/PMPChecker/variants_xs.sv DCacheWrapper_bt.sv Uncache_bt.sv L2TLBWrapper_bt.sv Sbuffer_bt.sv TLBNonBlock_bt.sv MemBlock_bt.sv ../../../golden/chisel-rtl/MemBlock.sv ../../../golden/chisel-rtl/AMOALU.sv ../../../golden/chisel-rtl/ActiveGenerationTable.sv ../../../golden/chisel-rtl/AgeDetector_38.sv ../../../golden/chisel-rtl/Arbiter1_L1BankedDataWriteReq.sv ../../../golden/chisel-rtl/Arbiter1_L1BankedDataWriteReqCtrl.sv ../../../golden/chisel-rtl/Arbiter1_L2TLBImp_Anon.sv ../../../golden/chisel-rtl/Arbiter1_TagWriteReq.sv ../../../golden/chisel-rtl/Arbiter2_L2TLBImp_Anon.sv ../../../golden/chisel-rtl/Arbiter2_L2TLBImp_Anon_1.sv ../../../golden/chisel-rtl/Arbiter2_L2TlbWithHptwIdBundle.sv ../../../golden/chisel-rtl/Arbiter2_LLPTW_Anon.sv ../../../golden/chisel-rtl/Arbiter2_PtwReq.sv ../../../golden/chisel-rtl/Arbiter2_StorePrefetchReq.sv ../../../golden/chisel-rtl/Arbiter3_L2TLBImp_Anon.sv ../../../golden/chisel-rtl/Arbiter3_L2TlbMemReqBundle.sv ../../../golden/chisel-rtl/Arbiter3_PfGenReq.sv ../../../golden/chisel-rtl/Arbiter4_MainPipeReq.sv ../../../golden/chisel-rtl/Arbiter5_L2TlbWithHptwIdBundle.sv ../../../golden/chisel-rtl/Arbiter8_MainPipeReq.sv ../../../golden/chisel-rtl/AtomicsUnit.sv ../../../golden/chisel-rtl/BankedDataArray.sv ../../../golden/chisel-rtl/BloomFilter.sv ../../../golden/chisel-rtl/CMOUnit.sv ../../../golden/chisel-rtl/ClockGate.sv ../../../golden/chisel-rtl/CounterFilter.sv ../../../golden/chisel-rtl/CtrlUnit.sv ../../../golden/chisel-rtl/DCache.sv ../../../golden/chisel-rtl/DCacheWrapper.sv ../../../golden/chisel-rtl/DataSRAMBank.sv ../../../golden/chisel-rtl/DataSRAMBank_1.sv ../../../golden/chisel-rtl/DataSRAMBank_2.sv ../../../golden/chisel-rtl/DataSRAMBank_4.sv ../../../golden/chisel-rtl/DatamoduleResultBuffer.sv ../../../golden/chisel-rtl/DelayNWithValid_103.sv ../../../golden/chisel-rtl/DelayNWithValid_148.sv ../../../golden/chisel-rtl/DelayNWithValid_149.sv ../../../golden/chisel-rtl/DelayNWithValid_152.sv ../../../golden/chisel-rtl/DelayNWithValid_155.sv ../../../golden/chisel-rtl/DelayNWithValid_2.sv ../../../golden/chisel-rtl/DelayNWithValid_200.sv ../../../golden/chisel-rtl/DelayNWithValid_202.sv ../../../golden/chisel-rtl/DelayNWithValid_203.sv ../../../golden/chisel-rtl/DelayNWithValid_3.sv ../../../golden/chisel-rtl/DelayNWithValid_4.sv ../../../golden/chisel-rtl/DelayNWithValid_52.sv ../../../golden/chisel-rtl/DelayNWithValid_55.sv ../../../golden/chisel-rtl/DelayNWithValid_7.sv ../../../golden/chisel-rtl/DelayN_1.sv ../../../golden/chisel-rtl/DelayN_13.sv ../../../golden/chisel-rtl/DelayN_221.sv ../../../golden/chisel-rtl/DelayN_222.sv ../../../golden/chisel-rtl/DelayN_226.sv ../../../golden/chisel-rtl/DelayN_298.sv ../../../golden/chisel-rtl/DelayN_332.sv ../../../golden/chisel-rtl/DelayN_7.sv ../../../golden/chisel-rtl/DelayN_8.sv ../../../golden/chisel-rtl/DelayN_9.sv ../../../golden/chisel-rtl/DiffExtLrScEvent.v ../../../golden/chisel-rtl/DummyDPICWrapper_50.sv ../../../golden/chisel-rtl/DuplicatedTagArray.sv ../../../golden/chisel-rtl/FDPrefetcherMonitor.sv ../../../golden/chisel-rtl/FastArbiter.sv ../../../golden/chisel-rtl/FreeList.sv ../../../golden/chisel-rtl/FreeList_1.sv ../../../golden/chisel-rtl/FreeList_3.sv ../../../golden/chisel-rtl/FreeList_4.sv ../../../golden/chisel-rtl/FreeList_5.sv ../../../golden/chisel-rtl/FreeList_6.sv ../../../golden/chisel-rtl/FrontendBridge.sv ../../../golden/chisel-rtl/HPTW.sv ../../../golden/chisel-rtl/HPerfCounter_21.sv ../../../golden/chisel-rtl/HPerfMonitor_3.sv ../../../golden/chisel-rtl/ICacheBuffer.sv ../../../golden/chisel-rtl/ICacheCtrlBuffer.sv ../../../golden/chisel-rtl/InstrUncacheBuffer.sv ../../../golden/chisel-rtl/L1CohMetaArray.sv ../../../golden/chisel-rtl/L1FlagMetaArray.sv ../../../golden/chisel-rtl/L1FlagMetaArray_1.sv ../../../golden/chisel-rtl/L1PrefetchSourceArray.sv ../../../golden/chisel-rtl/L1Prefetcher.sv ../../../golden/chisel-rtl/L2TLB.sv ../../../golden/chisel-rtl/L2TLBWrapper.sv ../../../golden/chisel-rtl/L2TlbMissQueue.sv ../../../golden/chisel-rtl/L2TlbPrefetch.sv ../../../golden/chisel-rtl/LLPTW.sv ../../../golden/chisel-rtl/LoadMisalignBuffer.sv ../../../golden/chisel-rtl/LoadPipe.sv ../../../golden/chisel-rtl/LoadQueue.sv ../../../golden/chisel-rtl/LoadQueueRAR.sv ../../../golden/chisel-rtl/LoadQueueRAW.sv ../../../golden/chisel-rtl/LoadQueueReplay.sv ../../../golden/chisel-rtl/LoadQueueUncache.sv ../../../golden/chisel-rtl/LoadUnit.sv ../../../golden/chisel-rtl/LqExceptionBuffer.sv ../../../golden/chisel-rtl/LqMaskModule.sv ../../../golden/chisel-rtl/LqPAddrModule.sv ../../../golden/chisel-rtl/LqPAddrModule_1.sv ../../../golden/chisel-rtl/LqVAddrModule.sv ../../../golden/chisel-rtl/LsqWrapper.sv ../../../golden/chisel-rtl/MainPipe.sv ../../../golden/chisel-rtl/MbistClockGateCell.sv ../../../golden/chisel-rtl/MbistIntfMemBlk.sv ../../../golden/chisel-rtl/MbistPipeDCacheData.sv ../../../golden/chisel-rtl/MbistPipeDcacheTag.sv ../../../golden/chisel-rtl/MbistPipeMemBlk.sv ../../../golden/chisel-rtl/MbistPipePtwL0.sv ../../../golden/chisel-rtl/MbistPipePtwL1.sv ../../../golden/chisel-rtl/MbistPipeSms.sv ../../../golden/chisel-rtl/MemExeUnit.sv ../../../golden/chisel-rtl/MemTrigger.sv ../../../golden/chisel-rtl/MemTrigger_3.sv ../../../golden/chisel-rtl/MissEntry.sv ../../../golden/chisel-rtl/MissQueue.sv ../../../golden/chisel-rtl/MissReadyGen.sv ../../../golden/chisel-rtl/MutiLevelPrefetchFilter.sv ../../../golden/chisel-rtl/NewPipelineConnectPipe_27.sv ../../../golden/chisel-rtl/NewPipelineConnectPipe_31.sv ../../../golden/chisel-rtl/NewPipelineConnectPipe_32.sv ../../../golden/chisel-rtl/NewPipelineConnectPipe_33.sv ../../../golden/chisel-rtl/OverrideableQueue.sv ../../../golden/chisel-rtl/OverrideableQueue_1.sv ../../../golden/chisel-rtl/PFEvent.sv ../../../golden/chisel-rtl/PMP.sv ../../../golden/chisel-rtl/PMPChecker.sv ../../../golden/chisel-rtl/PMPChecker_10.sv ../../../golden/chisel-rtl/PTW.sv ../../../golden/chisel-rtl/PTWFilterEntry.sv ../../../golden/chisel-rtl/PTWFilterEntry_1.sv ../../../golden/chisel-rtl/PTWNewFilter.sv ../../../golden/chisel-rtl/PTWRepeaterNB.sv ../../../golden/chisel-rtl/PatternHistoryTable.sv ../../../golden/chisel-rtl/Pipeline.sv ../../../golden/chisel-rtl/PipelineRegModule.sv ../../../golden/chisel-rtl/PipelineRegModule_1.sv ../../../golden/chisel-rtl/PipelineRegModule_2.sv ../../../golden/chisel-rtl/PipelineRegModule_6.sv ../../../golden/chisel-rtl/PrefetchBurstGenerator.sv ../../../golden/chisel-rtl/PrefetchFilter.sv ../../../golden/chisel-rtl/PrefetcherMonitor.sv ../../../golden/chisel-rtl/ProbeEntry.sv ../../../golden/chisel-rtl/ProbeQueue.sv ../../../golden/chisel-rtl/PtwCache.sv ../../../golden/chisel-rtl/Queue1_L1PrefetchReq.sv ../../../golden/chisel-rtl/Queue1_RegMapperInput_4.sv ../../../golden/chisel-rtl/Queue2_TLBundleA_10.sv ../../../golden/chisel-rtl/Queue2_TLBundleA_12.sv ../../../golden/chisel-rtl/Queue2_TLBundleA_14.sv ../../../golden/chisel-rtl/Queue2_TLBundleA_15.sv ../../../golden/chisel-rtl/Queue2_TLBundleA_6.sv ../../../golden/chisel-rtl/Queue2_TLBundleA_7.sv ../../../golden/chisel-rtl/Queue2_TLBundleA_8.sv ../../../golden/chisel-rtl/Queue2_TLBundleB.sv ../../../golden/chisel-rtl/Queue2_TLBundleC.sv ../../../golden/chisel-rtl/Queue2_TLBundleD_11.sv ../../../golden/chisel-rtl/Queue2_TLBundleD_13.sv ../../../golden/chisel-rtl/Queue2_TLBundleD_15.sv ../../../golden/chisel-rtl/Queue2_TLBundleD_7.sv ../../../golden/chisel-rtl/Queue2_TLBundleD_8.sv ../../../golden/chisel-rtl/Queue2_TLBundleD_9.sv ../../../golden/chisel-rtl/Queue2_TLBundleE.sv ../../../golden/chisel-rtl/Queue40_L2TlbMQBundle.sv ../../../golden/chisel-rtl/RRArbiterInit.sv ../../../golden/chisel-rtl/RRArbiterInit_10.sv ../../../golden/chisel-rtl/RRArbiterInit_3.sv ../../../golden/chisel-rtl/RRArbiterInit_4.sv ../../../golden/chisel-rtl/RRArbiterInit_5.sv ../../../golden/chisel-rtl/RRArbiterInit_6.sv ../../../golden/chisel-rtl/RRArbiterInit_7.sv ../../../golden/chisel-rtl/RRArbiterInit_9.sv ../../../golden/chisel-rtl/SMSPrefetcher.sv ../../../golden/chisel-rtl/SMSTrainFilter.sv ../../../golden/chisel-rtl/SQAddrModule.sv ../../../golden/chisel-rtl/SQAddrModule_1.sv ../../../golden/chisel-rtl/SQData8Module.sv ../../../golden/chisel-rtl/SQDataModule.sv ../../../golden/chisel-rtl/SRAMTemplate_114.sv ../../../golden/chisel-rtl/SRAMTemplate_122.sv ../../../golden/chisel-rtl/SRAMTemplate_126.sv ../../../golden/chisel-rtl/SRAMTemplate_134.sv ../../../golden/chisel-rtl/SRAMTemplate_82.sv ../../../golden/chisel-rtl/SRAMTemplate_84.sv ../../../golden/chisel-rtl/SRAMTemplate_86.sv ../../../golden/chisel-rtl/SRAMTemplate_90.sv ../../../golden/chisel-rtl/SRAMTemplate_98.sv ../../../golden/chisel-rtl/Sbuffer.sv ../../../golden/chisel-rtl/SbufferData.sv ../../../golden/chisel-rtl/Serializer.sv ../../../golden/chisel-rtl/SplittedSRAM.sv ../../../golden/chisel-rtl/SplittedSRAM_1.sv ../../../golden/chisel-rtl/Std.sv ../../../golden/chisel-rtl/StoreExceptionBuffer.sv ../../../golden/chisel-rtl/StoreMisalignBuffer.sv ../../../golden/chisel-rtl/StorePfWrapper.sv ../../../golden/chisel-rtl/StorePipe.sv ../../../golden/chisel-rtl/StorePrefetchBursts.sv ../../../golden/chisel-rtl/StoreQueue.sv ../../../golden/chisel-rtl/StoreUnit.sv ../../../golden/chisel-rtl/StreamBitVectorArray.sv ../../../golden/chisel-rtl/StrideMetaArray.sv ../../../golden/chisel-rtl/StridePF.sv ../../../golden/chisel-rtl/TLBFA_1.sv ../../../golden/chisel-rtl/TLBFA_2.sv ../../../golden/chisel-rtl/TLBFA_3.sv ../../../golden/chisel-rtl/TLBNonBlock.sv ../../../golden/chisel-rtl/TLBNonBlock_1.sv ../../../golden/chisel-rtl/TLBNonBlock_2.sv ../../../golden/chisel-rtl/TLBuffer_6.sv ../../../golden/chisel-rtl/TLBuffer_7.sv ../../../golden/chisel-rtl/TLBuffer_8.sv ../../../golden/chisel-rtl/TLBuffer_9.sv ../../../golden/chisel-rtl/TLXbar_4.sv ../../../golden/chisel-rtl/TagArray.sv ../../../golden/chisel-rtl/TagSRAMBank.sv ../../../golden/chisel-rtl/TlbStorageWrapper_1.sv ../../../golden/chisel-rtl/TlbStorageWrapper_2.sv ../../../golden/chisel-rtl/TlbStorageWrapper_3.sv ../../../golden/chisel-rtl/TrainFilter.sv ../../../golden/chisel-rtl/TrainFilter_1.sv ../../../golden/chisel-rtl/TreeArbiter.sv ../../../golden/chisel-rtl/Uncache.sv ../../../golden/chisel-rtl/UncacheEntry.sv ../../../golden/chisel-rtl/UncacheEntry_1.sv ../../../golden/chisel-rtl/UncacheEntry_2.sv ../../../golden/chisel-rtl/UncacheEntry_3.sv ../../../golden/chisel-rtl/VLMergeBufferImp.sv ../../../golden/chisel-rtl/VLSplitBufferImp.sv ../../../golden/chisel-rtl/VLSplitImp.sv ../../../golden/chisel-rtl/VLSplitPipelineImp.sv ../../../golden/chisel-rtl/VSMergeBufferImp.sv ../../../golden/chisel-rtl/VSSplitBufferImp.sv ../../../golden/chisel-rtl/VSSplitImp.sv ../../../golden/chisel-rtl/VSSplitPipelineImp.sv ../../../golden/chisel-rtl/VSegmentTrigger.sv ../../../golden/chisel-rtl/VSegmentUnit.sv ../../../golden/chisel-rtl/VfofBuffer.sv ../../../golden/chisel-rtl/VirtualLoadQueue.sv ../../../golden/chisel-rtl/WritebackEntry.sv ../../../golden/chisel-rtl/WritebackEntry_15.sv ../../../golden/chisel-rtl/WritebackQueue.sv ../../../golden/chisel-rtl/array_10.sv ../../../golden/chisel-rtl/array_10_ext.v ../../../golden/chisel-rtl/array_11.sv ../../../golden/chisel-rtl/array_11_ext.v ../../../golden/chisel-rtl/array_12.sv ../../../golden/chisel-rtl/array_12_ext.v ../../../golden/chisel-rtl/array_8.sv ../../../golden/chisel-rtl/array_8_ext.v ../../../golden/chisel-rtl/array_9.sv ../../../golden/chisel-rtl/array_9_ext.v ../../../golden/chisel-rtl/perfEventsModule.sv ../../../golden/chisel-rtl/ram_2x114.sv ../../../golden/chisel-rtl/ram_2x115.sv ../../../golden/chisel-rtl/ram_2x131.sv ../../../golden/chisel-rtl/ram_2x134.sv ../../../golden/chisel-rtl/ram_2x280.sv ../../../golden/chisel-rtl/ram_2x281.sv ../../../golden/chisel-rtl/ram_2x284.sv ../../../golden/chisel-rtl/ram_2x309.sv ../../../golden/chisel-rtl/ram_2x355.sv ../../../golden/chisel-rtl/ram_2x359.sv ../../../golden/chisel-rtl/ram_2x373.sv ../../../golden/chisel-rtl/ram_2x406.sv ../../../golden/chisel-rtl/ram_2x76.sv ../../../golden/chisel-rtl/ram_2x77.sv ../../../golden/chisel-rtl/ram_2x78.sv ../../../golden/chisel-rtl/ram_40x47.sv ../../../golden/chisel-rtl/ram_sink_2x10.sv ../../../golden/chisel-rtl/skidBufferConnect.sv ../../../golden/chisel-rtl/sram_array_1p256x72m72s1h0l1b_dcsh_dat.sv ../../../golden/chisel-rtl/sram_array_1p256x86m43s1h0l1b_dcsh_tag.sv ../../../golden/chisel-rtl/sram_array_1p32x148m74s1h0l1b_pftch_pht.sv ../../../golden/chisel-rtl/sram_array_1p32x228m114s1h0l1b_ptw_l0.sv ../../../golden/chisel-rtl/sram_array_1p8x200m100s1h0l1b_ptw_l1.sv tb.sv -top tb -o simv
                         Chronologic VCS (TM)
       Version W-2024.09-SP1_Full64 -- Fri Jun 26 08:52:28 2026

                    Copyright (c) 1991 - 2024 Synopsys, Inc.
   This software and the associated documentation are proprietary to Synopsys,
 Inc. This software may only be used in accordance with the terms and conditions
 of a written license agreement with Synopsys, Inc. All other use, reproduction,
   or distribution of this software is strictly prohibited.  Licensed Products
     communicate with Synopsys servers for the purpose of providing software
    updates, detecting software piracy and verifying that customers are using
    Licensed Products in conformity with the applicable License Key for such
  Licensed Products. Synopsys will use information gathered in connection with
    this process to deliver software updates and pursue software pirates and
                                   infringers.

 Inclusivity & Diversity - Visit SolvNetPlus to read the "Synopsys Statement on
            Inclusivity and Diversity" (Refer to article 000036315 at
                        https://solvnetplus.synopsys.com)


Warning-[LCA_FEATURES_ENABLED] Usage warning
  LCA features enabled by '-lca' argument on the command line.  For more 
  information regarding list of LCA features please refer to Chapter "LCA 
  features" in the VCS Release Notes

Parsing design file '../../../rtl/memblock/memblock_pkg.sv'
Parsing design file '../../../rtl/memblock/uncache_pkg.sv'
Parsing design file '../../../rtl/memblock/sbuffer_pkg.sv'
Parsing design file '../../../rtl/memblock/tlbnonblock_pkg.sv'
Parsing design file '../../../rtl/memblock/tlbstoragewrapper_pkg.sv'
Parsing design file '../../../rtl/memblock/tlbfa_pkg.sv'
Parsing design file '../../../rtl/memblock/pmp_pkg.sv'
Parsing design file '../../../rtl/memblock/DCacheWrapper.sv'
Parsing included file '../../../rtl/memblock/dcachewrapper_ports.svh'.
Back to file '../../../rtl/memblock/DCacheWrapper.sv'.
Parsing included file '../../../rtl/memblock/dcachewrapper_inner_conn.svh'.
Back to file '../../../rtl/memblock/DCacheWrapper.sv'.
Parsing design file '../../../rtl/memblock/Uncache.sv'
Parsing design file '../../../rtl/memblock/L2TLBWrapper.sv'
Parsing included file '../../../rtl/memblock/l2tlbwrapper_ports.svh'.
Back to file '../../../rtl/memblock/L2TLBWrapper.sv'.
Parsing included file '../../../rtl/memblock/l2tlbwrapper_inner_conn.svh'.
Back to file '../../../rtl/memblock/L2TLBWrapper.sv'.
Parsing design file '../../../rtl/memblock/Sbuffer.sv'
Parsing design file '../../../rtl/memblock/TLBNonBlock.sv'
Parsing design file '../../../rtl/memblock/PMP.sv'
Parsing design file '../../../rtl/memblock/PMPChecker.sv'
Parsing design file '../../ut/DCacheWrapper/variants_xs.sv'
Parsing design file '../../ut/Uncache/variants_xs.sv'
Parsing design file '../../ut/L2TLBWrapper/variants_xs.sv'
Parsing design file '../../ut/Sbuffer/variants_xs.sv'
Parsing design file '../../ut/TLBNonBlock/variants_xs.sv'
Parsing design file '../../ut/PMP/variants_xs.sv'
Parsing design file '../../ut/PMPChecker/variants_xs.sv'
Parsing design file 'DCacheWrapper_bt.sv'
Parsing design file 'Uncache_bt.sv'
Parsing design file 'L2TLBWrapper_bt.sv'
Parsing design file 'Sbuffer_bt.sv'
Parsing design file 'TLBNonBlock_bt.sv'
Parsing design file 'MemBlock_bt.sv'
Parsing included file '../../../rtl/memblock/memblock_ports.svh'.
Back to file 'MemBlock_bt.sv'.
Parsing included file '../../../rtl/memblock/memblock_nets.svh'.
Back to file 'MemBlock_bt.sv'.
Parsing included file '../../../rtl/memblock/memblock_logic.svh'.
Back to file 'MemBlock_bt.sv'.
Parsing included file '../../../rtl/memblock/memblock_perf_src.svh'.
Back to file 'MemBlock_bt.sv'.
Parsing included file '../../../rtl/memblock/memblock_perf_out.svh'.
Back to file 'MemBlock_bt.sv'.
Parsing included file 'memblock_inst_bt.svh'.
Back to file 'MemBlock_bt.sv'.
Parsing design file '../../../golden/chisel-rtl/MemBlock.sv'
Parsing design file '../../../golden/chisel-rtl/AMOALU.sv'
Parsing design file '../../../golden/chisel-rtl/ActiveGenerationTable.sv'
Parsing design file '../../../golden/chisel-rtl/AgeDetector_38.sv'
Parsing design file '../../../golden/chisel-rtl/Arbiter1_L1BankedDataWriteReq.sv'
Parsing design file '../../../golden/chisel-rtl/Arbiter1_L1BankedDataWriteReqCtrl.sv'
Parsing design file '../../../golden/chisel-rtl/Arbiter1_L2TLBImp_Anon.sv'
Parsing design file '../../../golden/chisel-rtl/Arbiter1_TagWriteReq.sv'
Parsing design file '../../../golden/chisel-rtl/Arbiter2_L2TLBImp_Anon.sv'
Parsing design file '../../../golden/chisel-rtl/Arbiter2_L2TLBImp_Anon_1.sv'
Parsing design file '../../../golden/chisel-rtl/Arbiter2_L2TlbWithHptwIdBundle.sv'
Parsing design file '../../../golden/chisel-rtl/Arbiter2_LLPTW_Anon.sv'
Parsing design file '../../../golden/chisel-rtl/Arbiter2_PtwReq.sv'
Parsing design file '../../../golden/chisel-rtl/Arbiter2_StorePrefetchReq.sv'
Parsing design file '../../../golden/chisel-rtl/Arbiter3_L2TLBImp_Anon.sv'
Parsing design file '../../../golden/chisel-rtl/Arbiter3_L2TlbMemReqBundle.sv'
Parsing design file '../../../golden/chisel-rtl/Arbiter3_PfGenReq.sv'
Parsing design file '../../../golden/chisel-rtl/Arbiter4_MainPipeReq.sv'
Parsing design file '../../../golden/chisel-rtl/Arbiter5_L2TlbWithHptwIdBundle.sv'
Parsing design file '../../../golden/chisel-rtl/Arbiter8_MainPipeReq.sv'
Parsing design file '../../../golden/chisel-rtl/AtomicsUnit.sv'
Parsing design file '../../../golden/chisel-rtl/BankedDataArray.sv'
Parsing design file '../../../golden/chisel-rtl/BloomFilter.sv'
Parsing design file '../../../golden/chisel-rtl/CMOUnit.sv'
Parsing design file '../../../golden/chisel-rtl/ClockGate.sv'
Parsing design file '../../../golden/chisel-rtl/CounterFilter.sv'
Parsing design file '../../../golden/chisel-rtl/CtrlUnit.sv'
Parsing design file '../../../golden/chisel-rtl/DCache.sv'
Parsing design file '../../../golden/chisel-rtl/DCacheWrapper.sv'
Parsing design file '../../../golden/chisel-rtl/DataSRAMBank.sv'
Parsing design file '../../../golden/chisel-rtl/DataSRAMBank_1.sv'
Parsing design file '../../../golden/chisel-rtl/DataSRAMBank_2.sv'
Parsing design file '../../../golden/chisel-rtl/DataSRAMBank_4.sv'
Parsing design file '../../../golden/chisel-rtl/DatamoduleResultBuffer.sv'
Parsing design file '../../../golden/chisel-rtl/DelayNWithValid_103.sv'
Parsing design file '../../../golden/chisel-rtl/DelayNWithValid_148.sv'
Parsing design file '../../../golden/chisel-rtl/DelayNWithValid_149.sv'
Parsing design file '../../../golden/chisel-rtl/DelayNWithValid_152.sv'
Parsing design file '../../../golden/chisel-rtl/DelayNWithValid_155.sv'
Parsing design file '../../../golden/chisel-rtl/DelayNWithValid_2.sv'
Parsing design file '../../../golden/chisel-rtl/DelayNWithValid_200.sv'
Parsing design file '../../../golden/chisel-rtl/DelayNWithValid_202.sv'
Parsing design file '../../../golden/chisel-rtl/DelayNWithValid_203.sv'
Parsing design file '../../../golden/chisel-rtl/DelayNWithValid_3.sv'
Parsing design file '../../../golden/chisel-rtl/DelayNWithValid_4.sv'
Parsing design file '../../../golden/chisel-rtl/DelayNWithValid_52.sv'
Parsing design file '../../../golden/chisel-rtl/DelayNWithValid_55.sv'
Parsing design file '../../../golden/chisel-rtl/DelayNWithValid_7.sv'
Parsing design file '../../../golden/chisel-rtl/DelayN_1.sv'
Parsing design file '../../../golden/chisel-rtl/DelayN_13.sv'
Parsing design file '../../../golden/chisel-rtl/DelayN_221.sv'
Parsing design file '../../../golden/chisel-rtl/DelayN_222.sv'
Parsing design file '../../../golden/chisel-rtl/DelayN_226.sv'
Parsing design file '../../../golden/chisel-rtl/DelayN_298.sv'
Parsing design file '../../../golden/chisel-rtl/DelayN_332.sv'
Parsing design file '../../../golden/chisel-rtl/DelayN_7.sv'
Parsing design file '../../../golden/chisel-rtl/DelayN_8.sv'
Parsing design file '../../../golden/chisel-rtl/DelayN_9.sv'
Parsing design file '../../../golden/chisel-rtl/DiffExtLrScEvent.v'
Parsing design file '../../../golden/chisel-rtl/DummyDPICWrapper_50.sv'
Parsing design file '../../../golden/chisel-rtl/DuplicatedTagArray.sv'
Parsing design file '../../../golden/chisel-rtl/FDPrefetcherMonitor.sv'
Parsing design file '../../../golden/chisel-rtl/FastArbiter.sv'
Parsing design file '../../../golden/chisel-rtl/FreeList.sv'
Parsing design file '../../../golden/chisel-rtl/FreeList_1.sv'
Parsing design file '../../../golden/chisel-rtl/FreeList_3.sv'
Parsing design file '../../../golden/chisel-rtl/FreeList_4.sv'
Parsing design file '../../../golden/chisel-rtl/FreeList_5.sv'
Parsing design file '../../../golden/chisel-rtl/FreeList_6.sv'
Parsing design file '../../../golden/chisel-rtl/FrontendBridge.sv'
Parsing design file '../../../golden/chisel-rtl/HPTW.sv'
Parsing design file '../../../golden/chisel-rtl/HPerfCounter_21.sv'
Parsing design file '../../../golden/chisel-rtl/HPerfMonitor_3.sv'
Parsing design file '../../../golden/chisel-rtl/ICacheBuffer.sv'
Parsing design file '../../../golden/chisel-rtl/ICacheCtrlBuffer.sv'
Parsing design file '../../../golden/chisel-rtl/InstrUncacheBuffer.sv'
Parsing design file '../../../golden/chisel-rtl/L1CohMetaArray.sv'
Parsing design file '../../../golden/chisel-rtl/L1FlagMetaArray.sv'
Parsing design file '../../../golden/chisel-rtl/L1FlagMetaArray_1.sv'
Parsing design file '../../../golden/chisel-rtl/L1PrefetchSourceArray.sv'
Parsing design file '../../../golden/chisel-rtl/L1Prefetcher.sv'
Parsing design file '../../../golden/chisel-rtl/L2TLB.sv'
Parsing design file '../../../golden/chisel-rtl/L2TLBWrapper.sv'
Parsing design file '../../../golden/chisel-rtl/L2TlbMissQueue.sv'
Parsing design file '../../../golden/chisel-rtl/L2TlbPrefetch.sv'
Parsing design file '../../../golden/chisel-rtl/LLPTW.sv'
Parsing design file '../../../golden/chisel-rtl/LoadMisalignBuffer.sv'
Parsing design file '../../../golden/chisel-rtl/LoadPipe.sv'
Parsing design file '../../../golden/chisel-rtl/LoadQueue.sv'
Parsing design file '../../../golden/chisel-rtl/LoadQueueRAR.sv'
Parsing design file '../../../golden/chisel-rtl/LoadQueueRAW.sv'
Parsing design file '../../../golden/chisel-rtl/LoadQueueReplay.sv'
Parsing design file '../../../golden/chisel-rtl/LoadQueueUncache.sv'
Parsing design file '../../../golden/chisel-rtl/LoadUnit.sv'
Parsing design file '../../../golden/chisel-rtl/LqExceptionBuffer.sv'
Parsing design file '../../../golden/chisel-rtl/LqMaskModule.sv'
Parsing design file '../../../golden/chisel-rtl/LqPAddrModule.sv'
Parsing design file '../../../golden/chisel-rtl/LqPAddrModule_1.sv'
Parsing design file '../../../golden/chisel-rtl/LqVAddrModule.sv'
Parsing design file '../../../golden/chisel-rtl/LsqWrapper.sv'
Parsing design file '../../../golden/chisel-rtl/MainPipe.sv'
Parsing design file '../../../golden/chisel-rtl/MbistClockGateCell.sv'
Parsing design file '../../../golden/chisel-rtl/MbistIntfMemBlk.sv'
Parsing design file '../../../golden/chisel-rtl/MbistPipeDCacheData.sv'
Parsing design file '../../../golden/chisel-rtl/MbistPipeDcacheTag.sv'
Parsing design file '../../../golden/chisel-rtl/MbistPipeMemBlk.sv'
Parsing design file '../../../golden/chisel-rtl/MbistPipePtwL0.sv'
Parsing design file '../../../golden/chisel-rtl/MbistPipePtwL1.sv'
Parsing design file '../../../golden/chisel-rtl/MbistPipeSms.sv'
Parsing design file '../../../golden/chisel-rtl/MemExeUnit.sv'
Parsing design file '../../../golden/chisel-rtl/MemTrigger.sv'
Parsing design file '../../../golden/chisel-rtl/MemTrigger_3.sv'
Parsing design file '../../../golden/chisel-rtl/MissEntry.sv'
Parsing design file '../../../golden/chisel-rtl/MissQueue.sv'
Parsing design file '../../../golden/chisel-rtl/MissReadyGen.sv'
Parsing design file '../../../golden/chisel-rtl/MutiLevelPrefetchFilter.sv'
Parsing design file '../../../golden/chisel-rtl/NewPipelineConnectPipe_27.sv'
Parsing design file '../../../golden/chisel-rtl/NewPipelineConnectPipe_31.sv'
Parsing design file '../../../golden/chisel-rtl/NewPipelineConnectPipe_32.sv'
Parsing design file '../../../golden/chisel-rtl/NewPipelineConnectPipe_33.sv'
Parsing design file '../../../golden/chisel-rtl/OverrideableQueue.sv'
Parsing design file '../../../golden/chisel-rtl/OverrideableQueue_1.sv'
Parsing design file '../../../golden/chisel-rtl/PFEvent.sv'
Parsing design file '../../../golden/chisel-rtl/PMP.sv'
Parsing design file '../../../golden/chisel-rtl/PMPChecker.sv'
Parsing design file '../../../golden/chisel-rtl/PMPChecker_10.sv'
Parsing design file '../../../golden/chisel-rtl/PTW.sv'
Parsing design file '../../../golden/chisel-rtl/PTWFilterEntry.sv'
Parsing design file '../../../golden/chisel-rtl/PTWFilterEntry_1.sv'
Parsing design file '../../../golden/chisel-rtl/PTWNewFilter.sv'
Parsing design file '../../../golden/chisel-rtl/PTWRepeaterNB.sv'
Parsing design file '../../../golden/chisel-rtl/PatternHistoryTable.sv'
Parsing design file '../../../golden/chisel-rtl/Pipeline.sv'
Parsing design file '../../../golden/chisel-rtl/PipelineRegModule.sv'
Parsing design file '../../../golden/chisel-rtl/PipelineRegModule_1.sv'
Parsing design file '../../../golden/chisel-rtl/PipelineRegModule_2.sv'
Parsing design file '../../../golden/chisel-rtl/PipelineRegModule_6.sv'
Parsing design file '../../../golden/chisel-rtl/PrefetchBurstGenerator.sv'
Parsing design file '../../../golden/chisel-rtl/PrefetchFilter.sv'
Parsing design file '../../../golden/chisel-rtl/PrefetcherMonitor.sv'
Parsing design file '../../../golden/chisel-rtl/ProbeEntry.sv'
Parsing design file '../../../golden/chisel-rtl/ProbeQueue.sv'
Parsing design file '../../../golden/chisel-rtl/PtwCache.sv'
Parsing design file '../../../golden/chisel-rtl/Queue1_L1PrefetchReq.sv'
Parsing design file '../../../golden/chisel-rtl/Queue1_RegMapperInput_4.sv'
Parsing design file '../../../golden/chisel-rtl/Queue2_TLBundleA_10.sv'
Parsing design file '../../../golden/chisel-rtl/Queue2_TLBundleA_12.sv'
Parsing design file '../../../golden/chisel-rtl/Queue2_TLBundleA_14.sv'
Parsing design file '../../../golden/chisel-rtl/Queue2_TLBundleA_15.sv'
Parsing design file '../../../golden/chisel-rtl/Queue2_TLBundleA_6.sv'
Parsing design file '../../../golden/chisel-rtl/Queue2_TLBundleA_7.sv'
Parsing design file '../../../golden/chisel-rtl/Queue2_TLBundleA_8.sv'
Parsing design file '../../../golden/chisel-rtl/Queue2_TLBundleB.sv'
Parsing design file '../../../golden/chisel-rtl/Queue2_TLBundleC.sv'
Parsing design file '../../../golden/chisel-rtl/Queue2_TLBundleD_11.sv'
Parsing design file '../../../golden/chisel-rtl/Queue2_TLBundleD_13.sv'
Parsing design file '../../../golden/chisel-rtl/Queue2_TLBundleD_15.sv'
Parsing design file '../../../golden/chisel-rtl/Queue2_TLBundleD_7.sv'
Parsing design file '../../../golden/chisel-rtl/Queue2_TLBundleD_8.sv'
Parsing design file '../../../golden/chisel-rtl/Queue2_TLBundleD_9.sv'
Parsing design file '../../../golden/chisel-rtl/Queue2_TLBundleE.sv'
Parsing design file '../../../golden/chisel-rtl/Queue40_L2TlbMQBundle.sv'
Parsing design file '../../../golden/chisel-rtl/RRArbiterInit.sv'
Parsing design file '../../../golden/chisel-rtl/RRArbiterInit_10.sv'
Parsing design file '../../../golden/chisel-rtl/RRArbiterInit_3.sv'
Parsing design file '../../../golden/chisel-rtl/RRArbiterInit_4.sv'
Parsing design file '../../../golden/chisel-rtl/RRArbiterInit_5.sv'
Parsing design file '../../../golden/chisel-rtl/RRArbiterInit_6.sv'
Parsing design file '../../../golden/chisel-rtl/RRArbiterInit_7.sv'
Parsing design file '../../../golden/chisel-rtl/RRArbiterInit_9.sv'
Parsing design file '../../../golden/chisel-rtl/SMSPrefetcher.sv'
Parsing design file '../../../golden/chisel-rtl/SMSTrainFilter.sv'
Parsing design file '../../../golden/chisel-rtl/SQAddrModule.sv'
Parsing design file '../../../golden/chisel-rtl/SQAddrModule_1.sv'
Parsing design file '../../../golden/chisel-rtl/SQData8Module.sv'
Parsing design file '../../../golden/chisel-rtl/SQDataModule.sv'
Parsing design file '../../../golden/chisel-rtl/SRAMTemplate_114.sv'
Parsing design file '../../../golden/chisel-rtl/SRAMTemplate_122.sv'
Parsing design file '../../../golden/chisel-rtl/SRAMTemplate_126.sv'
Parsing design file '../../../golden/chisel-rtl/SRAMTemplate_134.sv'
Parsing design file '../../../golden/chisel-rtl/SRAMTemplate_82.sv'
Parsing design file '../../../golden/chisel-rtl/SRAMTemplate_84.sv'
Parsing design file '../../../golden/chisel-rtl/SRAMTemplate_86.sv'
Parsing design file '../../../golden/chisel-rtl/SRAMTemplate_90.sv'
Parsing design file '../../../golden/chisel-rtl/SRAMTemplate_98.sv'
Parsing design file '../../../golden/chisel-rtl/Sbuffer.sv'
Parsing design file '../../../golden/chisel-rtl/SbufferData.sv'
Parsing design file '../../../golden/chisel-rtl/Serializer.sv'
Parsing design file '../../../golden/chisel-rtl/SplittedSRAM.sv'
Parsing design file '../../../golden/chisel-rtl/SplittedSRAM_1.sv'
Parsing design file '../../../golden/chisel-rtl/Std.sv'
Parsing design file '../../../golden/chisel-rtl/StoreExceptionBuffer.sv'
Parsing design file '../../../golden/chisel-rtl/StoreMisalignBuffer.sv'
Parsing design file '../../../golden/chisel-rtl/StorePfWrapper.sv'
Parsing design file '../../../golden/chisel-rtl/StorePipe.sv'
Parsing design file '../../../golden/chisel-rtl/StorePrefetchBursts.sv'
Parsing design file '../../../golden/chisel-rtl/StoreQueue.sv'
Parsing design file '../../../golden/chisel-rtl/StoreUnit.sv'
Parsing design file '../../../golden/chisel-rtl/StreamBitVectorArray.sv'
Parsing design file '../../../golden/chisel-rtl/StrideMetaArray.sv'
Parsing design file '../../../golden/chisel-rtl/StridePF.sv'
Parsing design file '../../../golden/chisel-rtl/TLBFA_1.sv'
Parsing design file '../../../golden/chisel-rtl/TLBFA_2.sv'
Parsing design file '../../../golden/chisel-rtl/TLBFA_3.sv'
Parsing design file '../../../golden/chisel-rtl/TLBNonBlock.sv'
Parsing design file '../../../golden/chisel-rtl/TLBNonBlock_1.sv'
Parsing design file '../../../golden/chisel-rtl/TLBNonBlock_2.sv'
Parsing design file '../../../golden/chisel-rtl/TLBuffer_6.sv'
Parsing design file '../../../golden/chisel-rtl/TLBuffer_7.sv'
Parsing design file '../../../golden/chisel-rtl/TLBuffer_8.sv'
Parsing design file '../../../golden/chisel-rtl/TLBuffer_9.sv'
Parsing design file '../../../golden/chisel-rtl/TLXbar_4.sv'
Parsing design file '../../../golden/chisel-rtl/TagArray.sv'
Parsing design file '../../../golden/chisel-rtl/TagSRAMBank.sv'
Parsing design file '../../../golden/chisel-rtl/TlbStorageWrapper_1.sv'
Parsing design file '../../../golden/chisel-rtl/TlbStorageWrapper_2.sv'
Parsing design file '../../../golden/chisel-rtl/TlbStorageWrapper_3.sv'
Parsing design file '../../../golden/chisel-rtl/TrainFilter.sv'
Parsing design file '../../../golden/chisel-rtl/TrainFilter_1.sv'
Parsing design file '../../../golden/chisel-rtl/TreeArbiter.sv'
Parsing design file '../../../golden/chisel-rtl/Uncache.sv'
Parsing design file '../../../golden/chisel-rtl/UncacheEntry.sv'
Parsing design file '../../../golden/chisel-rtl/UncacheEntry_1.sv'
Parsing design file '../../../golden/chisel-rtl/UncacheEntry_2.sv'
Parsing design file '../../../golden/chisel-rtl/UncacheEntry_3.sv'
Parsing design file '../../../golden/chisel-rtl/VLMergeBufferImp.sv'
Parsing design file '../../../golden/chisel-rtl/VLSplitBufferImp.sv'
Parsing design file '../../../golden/chisel-rtl/VLSplitImp.sv'
Parsing design file '../../../golden/chisel-rtl/VLSplitPipelineImp.sv'
Parsing design file '../../../golden/chisel-rtl/VSMergeBufferImp.sv'
Parsing design file '../../../golden/chisel-rtl/VSSplitBufferImp.sv'
Parsing design file '../../../golden/chisel-rtl/VSSplitImp.sv'
Parsing design file '../../../golden/chisel-rtl/VSSplitPipelineImp.sv'
Parsing design file '../../../golden/chisel-rtl/VSegmentTrigger.sv'
Parsing design file '../../../golden/chisel-rtl/VSegmentUnit.sv'
Parsing design file '../../../golden/chisel-rtl/VfofBuffer.sv'
Parsing design file '../../../golden/chisel-rtl/VirtualLoadQueue.sv'
Parsing design file '../../../golden/chisel-rtl/WritebackEntry.sv'
Parsing design file '../../../golden/chisel-rtl/WritebackEntry_15.sv'
Parsing design file '../../../golden/chisel-rtl/WritebackQueue.sv'
Parsing design file '../../../golden/chisel-rtl/array_10.sv'
Parsing design file '../../../golden/chisel-rtl/array_10_ext.v'
Parsing design file '../../../golden/chisel-rtl/array_11.sv'
Parsing design file '../../../golden/chisel-rtl/array_11_ext.v'
Parsing design file '../../../golden/chisel-rtl/array_12.sv'
Parsing design file '../../../golden/chisel-rtl/array_12_ext.v'
Parsing design file '../../../golden/chisel-rtl/array_8.sv'
Parsing design file '../../../golden/chisel-rtl/array_8_ext.v'
Parsing design file '../../../golden/chisel-rtl/array_9.sv'
Parsing design file '../../../golden/chisel-rtl/array_9_ext.v'
Parsing design file '../../../golden/chisel-rtl/perfEventsModule.sv'
Parsing design file '../../../golden/chisel-rtl/ram_2x114.sv'
Parsing design file '../../../golden/chisel-rtl/ram_2x115.sv'
Parsing design file '../../../golden/chisel-rtl/ram_2x131.sv'
Parsing design file '../../../golden/chisel-rtl/ram_2x134.sv'
Parsing design file '../../../golden/chisel-rtl/ram_2x280.sv'
Parsing design file '../../../golden/chisel-rtl/ram_2x281.sv'
Parsing design file '../../../golden/chisel-rtl/ram_2x284.sv'
Parsing design file '../../../golden/chisel-rtl/ram_2x309.sv'
Parsing design file '../../../golden/chisel-rtl/ram_2x355.sv'
Parsing design file '../../../golden/chisel-rtl/ram_2x359.sv'
Parsing design file '../../../golden/chisel-rtl/ram_2x373.sv'
Parsing design file '../../../golden/chisel-rtl/ram_2x406.sv'
Parsing design file '../../../golden/chisel-rtl/ram_2x76.sv'
Parsing design file '../../../golden/chisel-rtl/ram_2x77.sv'
Parsing design file '../../../golden/chisel-rtl/ram_2x78.sv'
Parsing design file '../../../golden/chisel-rtl/ram_40x47.sv'
Parsing design file '../../../golden/chisel-rtl/ram_sink_2x10.sv'
Parsing design file '../../../golden/chisel-rtl/skidBufferConnect.sv'
Parsing design file '../../../golden/chisel-rtl/sram_array_1p256x72m72s1h0l1b_dcsh_dat.sv'
Parsing design file '../../../golden/chisel-rtl/sram_array_1p256x86m43s1h0l1b_dcsh_tag.sv'
Parsing design file '../../../golden/chisel-rtl/sram_array_1p32x148m74s1h0l1b_pftch_pht.sv'
Parsing design file '../../../golden/chisel-rtl/sram_array_1p32x228m114s1h0l1b_ptw_l0.sv'
Parsing design file '../../../golden/chisel-rtl/sram_array_1p8x200m100s1h0l1b_ptw_l1.sv'
Parsing design file 'tb.sv'
Top Level Modules:
       tb

Error-[CFCILFBI] Cannot find cell in liblist
../../../golden/chisel-rtl/MissQueue.sv, 8247
  Cell 'DummyDPICWrapper' cannot be found in liblist for binding instance 
  'tb.u_g.inner_dcache.dcache.missQueue.difftest_module'.
  Liblist: work
  Config rule: global default liblist
  Source Info: DummyDPICWrapper difftest_module( .clock (clock),  .io_valid 
  (difftest_valid),  .io_bits_valid (difftest_valid),  .io_bits_addr ({16'b0, 
  _io_refill_to_ldq_bit ...


Error-[CFCILFBI] Cannot find cell in liblist
../../../golden/chisel-rtl/Uncache.sv, 1616
  Cell 'DelayReg_21' cannot be found in liblist for binding instance 
  'tb.u_g.inner_uncache.difftest_delayer'.
  Liblist: work
  Config rule: global default liblist
  Source Info: DelayReg_21 difftest_delayer( .clock (clock),  .reset (reset), 
  .i_valid (((_perfEvents_T_17 & (_GEN_11[q0_canSentIdx] == 5'b1)) & 
  _GEN_13[q0_canSentIdx])),   ...


Error-[CFCILFBI] Cannot find cell in liblist
../../../golden/chisel-rtl/Uncache.sv, 1645
  Cell 'DummyDPICWrapper_71' cannot be found in liblist for binding instance 
  'tb.u_g.inner_uncache.difftest_module'.
  Liblist: work
  Config rule: global default liblist
  Source Info: DummyDPICWrapper_71 difftest_module( .clock (clock),  .io_valid
  (_difftest_delayer_o_valid),  .io_bits_valid (_difftest_delayer_o_valid),  
  .io_bits_addr (_dif ...


Error-[CFCILFBI] Cannot find cell in liblist
../../../golden/chisel-rtl/L2TLB.sv, 13213
  Cell 'DummyDPICWrapper' cannot be found in liblist for binding instance 
  'tb.u_g.inner_ptw.ptw.difftest_module'.
  Liblist: work
  Config rule: global default liblist
  Source Info: DummyDPICWrapper difftest_module( .clock (clock),  .io_valid 
  (cache_io_refill_valid_last_REG),  .io_bits_valid 
  (cache_io_refill_valid_last_REG),  .io_bits_add ...


Error-[CFCILFBI] Cannot find cell in liblist
../../../golden/chisel-rtl/L2TLB.sv, 13229
  Cell 'DummyDPICWrapper_73' cannot be found in liblist for binding instance 
  'tb.u_g.inner_ptw.ptw.difftest_module_1'.
  Liblist: work
  Config rule: global default liblist
  Source Info: DummyDPICWrapper_73 difftest_module_1( .clock (clock),  
  .io_valid (difftest_1_valid),  .io_bits_valid (difftest_1_valid),  
  .io_bits_valididx_0 (_Arbiter1_L2TL ...


Error-[CFCILFBI] Cannot find cell in liblist
../../../golden/chisel-rtl/L2TLB.sv, 13318
  Cell 'DummyDPICWrapper_73' cannot be found in liblist for binding instance 
  'tb.u_g.inner_ptw.ptw.difftest_module_2'.
  Liblist: work
  Config rule: global default liblist
  Source Info: DummyDPICWrapper_73 difftest_module_2( .clock (clock),  
  .io_valid (difftest_2_valid),  .io_bits_valid (difftest_2_valid),  
  .io_bits_valididx_0 (_Arbiter1_L2TL ...


Error-[CFCILFBI] Cannot find cell in liblist
../../../golden/chisel-rtl/AtomicsUnit.sv, 1079
  Cell 'DummyDPICWrapper_75' cannot be found in liblist for binding instance 
  'tb.u_g.inner_atomicsUnit.difftest_module'.
  Liblist: work
  Config rule: global default liblist
  Source Info: DummyDPICWrapper_75 difftest_module( .clock (clock),  .io_valid
  (difftest_valid),  .io_bits_valid (difftest_valid),  .io_bits_addr ({16'b0, 
  difftest_addr_r}), ...


Error-[CFCILFBI] Cannot find cell in liblist
../../../golden/chisel-rtl/AtomicsUnit.sv, 1094
  Cell 'DummyDPICWrapper_76' cannot be found in liblist for binding instance 
  'tb.u_g.inner_atomicsUnit.difftest_module_1'.
  Liblist: work
  Config rule: global default liblist
  Source Info: DummyDPICWrapper_76 difftest_module_1( .clock (clock),  
  .io_valid (difftest_1_valid),  .io_bits_valid (difftest_1_valid),  
  .io_bits_success (success),  .io_bi ...


Error-[CFCILFBI] Cannot find cell in liblist
../../../golden/chisel-rtl/StoreQueue.sv, 76230
  Cell 'DummyDPICWrapper_77' cannot be found in liblist for binding instance 
  'tb.u_g.inner_lsq.storeQueue.cmoInvalEvent_module'.
  Liblist: work
  Config rule: global default liblist
  Source Info: DummyDPICWrapper_77 cmoInvalEvent_module( .clock (clock),  
  .io_valid (cmoInvalEvent_valid),  .io_bits_valid (cmoInvalEvent_valid),  
  .io_bits_addr (cmoInvalEve ...


Error-[CFCILFBI] Cannot find cell in liblist
../../../golden/chisel-rtl/Sbuffer.sv, 30443
  Cell 'DelayReg_22' cannot be found in liblist for binding instance 
  'tb.u_g.inner_sbuffer.difftest_delayer'.
  Liblist: work
  Config rule: global default liblist
  Source Info: DelayReg_22 difftest_delayer( .clock (clock),  .reset (reset), 
  .i_valid (io_dcache_main_pipe_hit_resp_valid),  .i_addr ({16'b0, 
  _GEN_54[io_dcache_main_pipe_h ...


Note-[MAX_ERROR_COUNT] Maximum error count reached
  Current number of errors has reached the default maximum error count (10).
  Please use +error+<count> to increase the limit.

1 warning
10 errors
CPU time: 5.585 seconds to compile
make: *** [../../../scripts/ut_common.mk:27: simv] Error 255
