{i:/WORK/Bku/u_core/u_crypto/func_reg_reg[4]}
i:/WORK/Bku/u_core/u_clmul/clock
{i:/WORK/Bku/u_core/u_clmul/func[0]}
{i:/WORK/Bku/u_core/u_clmul/func[1]}
{i:/WORK/Bku/u_core/u_clmul/func[2]}
{i:/WORK/Bku/u_core/u_clmul/func[3]}
{i:/WORK/Bku/u_core/u_clmul/func[4]}
{i:/WORK/Bku/u_core/u_clmul/func[5]}
{i:/WORK/Bku/u_core/u_clmul/func[6]}
{i:/WORK/Bku/u_core/u_clmul/func[7]}
{i:/WORK/Bku/u_core/u_clmul/func[8]}
{i:/WORK/Bku/u_core/u_clmul/out[0]}
{i:/WORK/Bku/u_core/u_clmul/out[10]}
{i:/WORK/Bku/u_core/u_clmul/out[11]}
{i:/WORK/Bku/u_core/u_clmul/out[12]}
{i:/WORK/Bku/u_core/u_clmul/out[13]}
{i:/WORK/Bku/u_core/u_clmul/out[14]}
{i:/WORK/Bku/u_core/u_clmul/out[15]}
{i:/WORK/Bku/u_core/u_clmul/out[16]}
{i:/WORK/Bku/u_core/u_clmul/out[17]}
{i:/WORK/Bku/u_core/u_clmul/out[18]}
{i:/WORK/Bku/u_core/u_clmul/out[19]}
{i:/WORK/Bku/u_core/u_clmul/out[1]}
{i:/WORK/Bku/u_core/u_clmul/out[20]}
{i:/WORK/Bku/u_core/u_clmul/out[21]}
{i:/WORK/Bku/u_core/u_clmul/out[22]}
{i:/WORK/Bku/u_core/u_clmul/out[23]}
{i:/WORK/Bku/u_core/u_clmul/out[24]}
{i:/WORK/Bku/u_core/u_clmul/out[25]}
{i:/WORK/Bku/u_core/u_clmul/out[26]}
{i:/WORK/Bku/u_core/u_clmul/out[27]}
{i:/WORK/Bku/u_core/u_clmul/out[28]}
{i:/WORK/Bku/u_core/u_clmul/out[29]}
{i:/WORK/Bku/u_core/u_clmul/out[2]}
{i:/WORK/Bku/u_core/u_clmul/out[30]}
{i:/WORK/Bku/u_core/u_clmul/out[31]}
{i:/WORK/Bku/u_core/u_clmul/out[32]}
{i:/WORK/Bku/u_core/u_clmul/out[33]}
{i:/WORK/Bku/u_core/u_clmul/out[34]}
{i:/WORK/Bku/u_core/u_clmul/out[35]}
{i:/WORK/Bku/u_core/u_clmul/out[36]}
{i:/WORK/Bku/u_core/u_clmul/out[37]}
{i:/WORK/Bku/u_core/u_clmul/out[38]}
{i:/WORK/Bku/u_core/u_clmul/out[39]}
{i:/WORK/Bku/u_core/u_clmul/out[3]}
{i:/WORK/Bku/u_core/u_clmul/out[40]}
{i:/WORK/Bku/u_core/u_clmul/out[41]}
{i:/WORK/Bku/u_core/u_clmul/out[42]}
{i:/WORK/Bku/u_core/u_clmul/out[43]}
{i:/WORK/Bku/u_core/u_clmul/out[44]}
{i:/WORK/Bku/u_core/u_clmul/out[45]}
{i:/WORK/Bku/u_core/u_clmul/out[46]}
{i:/WORK/Bku/u_core/u_clmul/out[47]}
{i:/WORK/Bku/u_core/u_clmul/out[48]}
{i:/WORK/Bku/u_core/u_clmul/out[49]}
{i:/WORK/Bku/u_core/u_clmul/out[4]}
{i:/WORK/Bku/u_core/u_clmul/out[50]}
{i:/WORK/Bku/u_core/u_clmul/out[51]}
{i:/WORK/Bku/u_core/u_clmul/out[52]}
{i:/WORK/Bku/u_core/u_clmul/out[53]}
{i:/WORK/Bku/u_core/u_clmul/out[54]}
{i:/WORK/Bku/u_core/u_clmul/out[55]}
{i:/WORK/Bku/u_core/u_clmul/out[56]}
{i:/WORK/Bku/u_core/u_clmul/out[57]}
{i:/WORK/Bku/u_core/u_clmul/out[58]}
{i:/WORK/Bku/u_core/u_clmul/out[59]}
{i:/WORK/Bku/u_core/u_clmul/out[5]}
{i:/WORK/Bku/u_core/u_clmul/out[60]}
{i:/WORK/Bku/u_core/u_clmul/out[61]}
{i:/WORK/Bku/u_core/u_clmul/out[62]}
{i:/WORK/Bku/u_core/u_clmul/out[63]}
{i:/WORK/Bku/u_core/u_clmul/out[6]}
{i:/WORK/Bku/u_core/u_clmul/out[7]}
{i:/WORK/Bku/u_core/u_clmul/out[8]}
{i:/WORK/Bku/u_core/u_clmul/out[9]}
i:/WORK/Bku/u_core/u_clmul/reg_en
{i:/WORK/Bku/u_core/u_clmul/src1[0]}
{i:/WORK/Bku/u_core/u_clmul/src1[10]}
{i:/WORK/Bku/u_core/u_clmul/src1[11]}
{i:/WORK/Bku/u_core/u_clmul/src1[12]}
{i:/WORK/Bku/u_core/u_clmul/src1[13]}
{i:/WORK/Bku/u_core/u_clmul/src1[14]}
{i:/WORK/Bku/u_core/u_clmul/src1[15]}
{i:/WORK/Bku/u_core/u_clmul/src1[16]}
{i:/WORK/Bku/u_core/u_clmul/src1[17]}
{i:/WORK/Bku/u_core/u_clmul/src1[18]}
{i:/WORK/Bku/u_core/u_clmul/src1[19]}
{i:/WORK/Bku/u_core/u_clmul/src1[1]}
{i:/WORK/Bku/u_core/u_clmul/src1[20]}
{i:/WORK/Bku/u_core/u_clmul/src1[21]}
{i:/WORK/Bku/u_core/u_clmul/src1[22]}
{i:/WORK/Bku/u_core/u_clmul/src1[23]}
{i:/WORK/Bku/u_core/u_clmul/src1[24]}
{i:/WORK/Bku/u_core/u_clmul/src1[25]}
{i:/WORK/Bku/u_core/u_clmul/src1[26]}
{i:/WORK/Bku/u_core/u_clmul/src1[27]}
{i:/WORK/Bku/u_core/u_clmul/src1[28]}
{i:/WORK/Bku/u_core/u_clmul/src1[29]}
{i:/WORK/Bku/u_core/u_clmul/src1[2]}
{i:/WORK/Bku/u_core/u_clmul/src1[30]}
{i:/WORK/Bku/u_core/u_clmul/src1[31]}
{i:/WORK/Bku/u_core/u_clmul/src1[32]}
{i:/WORK/Bku/u_core/u_clmul/src1[33]}
{i:/WORK/Bku/u_core/u_clmul/src1[34]}
{i:/WORK/Bku/u_core/u_clmul/src1[35]}
{i:/WORK/Bku/u_core/u_clmul/src1[36]}
{i:/WORK/Bku/u_core/u_clmul/src1[37]}
{i:/WORK/Bku/u_core/u_clmul/src1[38]}
{i:/WORK/Bku/u_core/u_clmul/src1[39]}
{i:/WORK/Bku/u_core/u_clmul/src1[3]}
{i:/WORK/Bku/u_core/u_clmul/src1[40]}
{i:/WORK/Bku/u_core/u_clmul/src1[41]}
{i:/WORK/Bku/u_core/u_clmul/src1[42]}
{i:/WORK/Bku/u_core/u_clmul/src1[43]}
{i:/WORK/Bku/u_core/u_clmul/src1[44]}
{i:/WORK/Bku/u_core/u_clmul/src1[45]}
{i:/WORK/Bku/u_core/u_clmul/src1[46]}
{i:/WORK/Bku/u_core/u_clmul/src1[47]}
{i:/WORK/Bku/u_core/u_clmul/src1[48]}
{i:/WORK/Bku/u_core/u_clmul/src1[49]}
{i:/WORK/Bku/u_core/u_clmul/src1[4]}
{i:/WORK/Bku/u_core/u_clmul/src1[50]}
{i:/WORK/Bku/u_core/u_clmul/src1[51]}
{i:/WORK/Bku/u_core/u_clmul/src1[52]}
{i:/WORK/Bku/u_core/u_clmul/src1[53]}
{i:/WORK/Bku/u_core/u_clmul/src1[54]}
{i:/WORK/Bku/u_core/u_clmul/src1[55]}
{i:/WORK/Bku/u_core/u_clmul/src1[56]}
{i:/WORK/Bku/u_core/u_clmul/src1[57]}
{i:/WORK/Bku/u_core/u_clmul/src1[58]}
{i:/WORK/Bku/u_core/u_clmul/src1[59]}
{i:/WORK/Bku/u_core/u_clmul/src1[5]}
{i:/WORK/Bku/u_core/u_clmul/src1[60]}
{i:/WORK/Bku/u_core/u_clmul/src1[61]}
{i:/WORK/Bku/u_core/u_clmul/src1[62]}
{i:/WORK/Bku/u_core/u_clmul/src1[63]}
{i:/WORK/Bku/u_core/u_clmul/src1[6]}
{i:/WORK/Bku/u_core/u_clmul/src1[7]}
{i:/WORK/Bku/u_core/u_clmul/src1[8]}
{i:/WORK/Bku/u_core/u_clmul/src1[9]}
{i:/WORK/Bku/u_core/u_clmul/src2[0]}
{i:/WORK/Bku/u_core/u_clmul/src2[10]}
{i:/WORK/Bku/u_core/u_clmul/src2[11]}
{i:/WORK/Bku/u_core/u_clmul/src2[12]}
{i:/WORK/Bku/u_core/u_clmul/src2[13]}
{i:/WORK/Bku/u_core/u_clmul/src2[14]}
{i:/WORK/Bku/u_core/u_clmul/src2[15]}
{i:/WORK/Bku/u_core/u_clmul/src2[16]}
{i:/WORK/Bku/u_core/u_clmul/src2[17]}
{i:/WORK/Bku/u_core/u_clmul/src2[18]}
{i:/WORK/Bku/u_core/u_clmul/src2[19]}
{i:/WORK/Bku/u_core/u_clmul/src2[1]}
{i:/WORK/Bku/u_core/u_clmul/src2[20]}
{i:/WORK/Bku/u_core/u_clmul/src2[21]}
{i:/WORK/Bku/u_core/u_clmul/src2[22]}
{i:/WORK/Bku/u_core/u_clmul/src2[23]}
{i:/WORK/Bku/u_core/u_clmul/src2[24]}
{i:/WORK/Bku/u_core/u_clmul/src2[25]}
{i:/WORK/Bku/u_core/u_clmul/src2[26]}
{i:/WORK/Bku/u_core/u_clmul/src2[27]}
{i:/WORK/Bku/u_core/u_clmul/src2[28]}
{i:/WORK/Bku/u_core/u_clmul/src2[29]}
{i:/WORK/Bku/u_core/u_clmul/src2[2]}
{i:/WORK/Bku/u_core/u_clmul/src2[30]}
{i:/WORK/Bku/u_core/u_clmul/src2[31]}
{i:/WORK/Bku/u_core/u_clmul/src2[32]}
{i:/WORK/Bku/u_core/u_clmul/src2[33]}
{i:/WORK/Bku/u_core/u_clmul/src2[34]}
{i:/WORK/Bku/u_core/u_clmul/src2[35]}
{i:/WORK/Bku/u_core/u_clmul/src2[36]}
{i:/WORK/Bku/u_core/u_clmul/src2[37]}
{i:/WORK/Bku/u_core/u_clmul/src2[38]}
{i:/WORK/Bku/u_core/u_clmul/src2[39]}
{i:/WORK/Bku/u_core/u_clmul/src2[3]}
{i:/WORK/Bku/u_core/u_clmul/src2[40]}
{i:/WORK/Bku/u_core/u_clmul/src2[41]}
{i:/WORK/Bku/u_core/u_clmul/src2[42]}
{i:/WORK/Bku/u_core/u_clmul/src2[43]}
{i:/WORK/Bku/u_core/u_clmul/src2[44]}
{i:/WORK/Bku/u_core/u_clmul/src2[45]}
{i:/WORK/Bku/u_core/u_clmul/src2[46]}
{i:/WORK/Bku/u_core/u_clmul/src2[47]}
{i:/WORK/Bku/u_core/u_clmul/src2[48]}
{i:/WORK/Bku/u_core/u_clmul/src2[49]}
{i:/WORK/Bku/u_core/u_clmul/src2[4]}
{i:/WORK/Bku/u_core/u_clmul/src2[50]}
{i:/WORK/Bku/u_core/u_clmul/src2[51]}
{i:/WORK/Bku/u_core/u_clmul/src2[52]}
{i:/WORK/Bku/u_core/u_clmul/src2[53]}
{i:/WORK/Bku/u_core/u_clmul/src2[54]}
{i:/WORK/Bku/u_core/u_clmul/src2[55]}
{i:/WORK/Bku/u_core/u_clmul/src2[56]}
{i:/WORK/Bku/u_core/u_clmul/src2[57]}
{i:/WORK/Bku/u_core/u_clmul/src2[58]}
{i:/WORK/Bku/u_core/u_clmul/src2[59]}
{i:/WORK/Bku/u_core/u_clmul/src2[5]}
{i:/WORK/Bku/u_core/u_clmul/src2[60]}
{i:/WORK/Bku/u_core/u_clmul/src2[61]}
{i:/WORK/Bku/u_core/u_clmul/src2[62]}
{i:/WORK/Bku/u_core/u_clmul/src2[63]}
{i:/WORK/Bku/u_core/u_clmul/src2[6]}
{i:/WORK/Bku/u_core/u_clmul/src2[7]}
{i:/WORK/Bku/u_core/u_clmul/src2[8]}
{i:/WORK/Bku/u_core/u_clmul/src2[9]}
