**************************************************
Report         : failing_points

Reference      : r:/WORK/NewIFU
Implementation : i:/WORK/NewIFU
Version        : V-2023.12-SP3
Date           : Sun Jul 19 12:07:11 2026
**************************************************

11 Failing compare points (11 matched, 0 unmatched):

  Ref  DFF        r:/WORK/NewIFU/f3_foldpc_0_reg[0]
  Impl DFF        i:/WORK/NewIFU/u_core/f3_foldpc_reg[0][0]

  Ref  DFF        r:/WORK/NewIFU/f3_foldpc_0_reg[1]
  Impl DFF        i:/WORK/NewIFU/u_core/f3_foldpc_reg[0][1]

  Ref  DFF        r:/WORK/NewIFU/f3_foldpc_0_reg[2]
  Impl DFF        i:/WORK/NewIFU/u_core/f3_foldpc_reg[0][2]

  Ref  DFF        r:/WORK/NewIFU/f3_foldpc_0_reg[3]
  Impl DFF        i:/WORK/NewIFU/u_core/f3_foldpc_reg[0][3]

  Ref  DFF        r:/WORK/NewIFU/f3_foldpc_0_reg[4]
  Impl DFF        i:/WORK/NewIFU/u_core/f3_foldpc_reg[0][4]

  Ref  DFF        r:/WORK/NewIFU/f3_foldpc_0_reg[5]
  Impl DFF        i:/WORK/NewIFU/u_core/f3_foldpc_reg[0][5]

  Ref  DFF        r:/WORK/NewIFU/f3_foldpc_0_reg[6]
  Impl DFF        i:/WORK/NewIFU/u_core/f3_foldpc_reg[0][6]

  Ref  DFF        r:/WORK/NewIFU/f3_foldpc_0_reg[7]
  Impl DFF        i:/WORK/NewIFU/u_core/f3_foldpc_reg[0][7]

  Ref  DFF        r:/WORK/NewIFU/f3_foldpc_0_reg[8]
  Impl DFF        i:/WORK/NewIFU/u_core/f3_foldpc_reg[0][8]

  Ref  DFF        r:/WORK/NewIFU/f3_foldpc_0_reg[9]
  Impl DFF        i:/WORK/NewIFU/u_core/f3_foldpc_reg[0][9]

  Ref  DFF0X      r:/WORK/NewIFU/f3_pc_lower_result_0_reg[11]
  Impl DFF0X      i:/WORK/NewIFU/u_core/f3_pc_lower_result_reg[0][11]

 [BBNet: multiply-driven net
  BBPin: black-box pin
  Cut:   cut-point
  DFF:   non-constant DFF register
  DFF0:  constant 0 DFF register
  DFF1:  constant 1 DFF register
  DFFX:  constant X DFF register
  DFF0X: constrained 0X DFF register
  DFF1X: constrained 1X DFF register
  LAT:   non-constant latch register
  LAT0:  constant 0 latch register
  LAT1:  constant 1 latch register
  LATX:  constant X latch register
  LAT0X: constrained 0X latch register
  LAT1X: constrained 1X latch register
  LATCG: clock-gating latch register
  TLA:   transparent latch register
  TLA0X: transparent constrained 0X latch register
  TLA1X: transparent constrained 1X latch register
  Loop:  cycle break point
  Port:  primary (top-level) port
  Und:   undriven signal cut-point
  Unk:   unknown signal cut-point]

1
