**************************************************
Report         : status

Reference      : r:/WORK/NewIFU
Implementation : i:/WORK/NewIFU
Version        : V-2023.12-SP3
Date           : Sun Jul 19 12:07:11 2026
**************************************************


********************************* Verification Results *********************************
Verification FAILED
-------------------
 Reference design: r:/WORK/NewIFU
 Implementation design: i:/WORK/NewIFU
 10843 Passing compare points
 11 Failing compare points (11 matched, 0 unmatched)
 0 Aborted compare points
 0 Unverified compare points
----------------------------------------------------------------------------------------
Matched Compare Points     BBPin    Loop   BBNet     Cut    Port     DFF     LAT   TOTAL
----------------------------------------------------------------------------------------
Passing (equivalent)        4208       0       0       0    3085    3550       0   10843
Failing (not equivalent)       0       0       0       0       0      11       0      11
Not Compared
  Unread                       0       0       0       0       0      80       0      80
****************************************************************************************
Info:  Try the analyze_points command to see if Formality can determine potential
causes, or suggest next steps for a FAILED or INCONCLUSIVE verification.
See the man page for analyze_points usage and options.
1
