{{r:/WORK/IMSIC/imsicGateWay/msi_data_o[0]} {i:/WORK/IMSIC/u_core/imsicGateWay/msi_data_o[0]}}
{{r:/WORK/IMSIC/imsicGateWay/msi_data_o[1]} {i:/WORK/IMSIC/u_core/imsicGateWay/msi_data_o[1]}}
{{r:/WORK/IMSIC/imsicGateWay/msi_data_o[2]} {i:/WORK/IMSIC/u_core/imsicGateWay/msi_data_o[2]}}
{{r:/WORK/IMSIC/imsicGateWay/msi_data_o[3]} {i:/WORK/IMSIC/u_core/imsicGateWay/msi_data_o[3]}}
{{r:/WORK/IMSIC/imsicGateWay/msi_data_o[4]} {i:/WORK/IMSIC/u_core/imsicGateWay/msi_data_o[4]}}
{{r:/WORK/IMSIC/imsicGateWay/msi_data_o[5]} {i:/WORK/IMSIC/u_core/imsicGateWay/msi_data_o[5]}}
{{r:/WORK/IMSIC/imsicGateWay/msi_data_o[6]} {i:/WORK/IMSIC/u_core/imsicGateWay/msi_data_o[6]}}
{{r:/WORK/IMSIC/imsicGateWay/msi_data_o[7]} {i:/WORK/IMSIC/u_core/imsicGateWay/msi_data_o[7]}}
{{r:/WORK/IMSIC/imsicGateWay/msi_valid_o[0]} {i:/WORK/IMSIC/u_core/imsicGateWay/msi_valid_o[0]}}
{{r:/WORK/IMSIC/imsicGateWay/msi_valid_o[1]} {i:/WORK/IMSIC/u_core/imsicGateWay/msi_valid_o[1]}}
{{r:/WORK/IMSIC/imsicGateWay/msi_valid_o[2]} {i:/WORK/IMSIC/u_core/imsicGateWay/msi_valid_o[2]}}
{{r:/WORK/IMSIC/imsicGateWay/msi_valid_o[3]} {i:/WORK/IMSIC/u_core/imsicGateWay/msi_valid_o[3]}}
{{r:/WORK/IMSIC/imsicGateWay/msi_valid_o[4]} {i:/WORK/IMSIC/u_core/imsicGateWay/msi_valid_o[4]}}
{{r:/WORK/IMSIC/imsicGateWay/msi_valid_o[5]} {i:/WORK/IMSIC/u_core/imsicGateWay/msi_valid_o[5]}}
{{r:/WORK/IMSIC/imsicGateWay/msi_valid_o[6]} {i:/WORK/IMSIC/u_core/imsicGateWay/msi_valid_o[6]}}
{{r:/WORK/IMSIC/intFile/fromCSR_seteipnum_bits[0]} {i:/WORK/IMSIC/u_core/g_intfile[0].u_intFile/fromCSR_seteipnum_bits[0]}}
{{r:/WORK/IMSIC/intFile/fromCSR_seteipnum_bits[1]} {i:/WORK/IMSIC/u_core/g_intfile[0].u_intFile/fromCSR_seteipnum_bits[1]}}
{{r:/WORK/IMSIC/intFile/fromCSR_seteipnum_bits[2]} {i:/WORK/IMSIC/u_core/g_intfile[0].u_intFile/fromCSR_seteipnum_bits[2]}}
{{r:/WORK/IMSIC/intFile/fromCSR_seteipnum_bits[3]} {i:/WORK/IMSIC/u_core/g_intfile[0].u_intFile/fromCSR_seteipnum_bits[3]}}
{{r:/WORK/IMSIC/intFile/fromCSR_seteipnum_bits[4]} {i:/WORK/IMSIC/u_core/g_intfile[0].u_intFile/fromCSR_seteipnum_bits[4]}}
{{r:/WORK/IMSIC/intFile/fromCSR_seteipnum_bits[5]} {i:/WORK/IMSIC/u_core/g_intfile[0].u_intFile/fromCSR_seteipnum_bits[5]}}
{{r:/WORK/IMSIC/intFile/fromCSR_seteipnum_bits[6]} {i:/WORK/IMSIC/u_core/g_intfile[0].u_intFile/fromCSR_seteipnum_bits[6]}}
{{r:/WORK/IMSIC/intFile/fromCSR_seteipnum_bits[7]} {i:/WORK/IMSIC/u_core/g_intfile[0].u_intFile/fromCSR_seteipnum_bits[7]}}
{r:/WORK/IMSIC/intFile/toCSR_illegal {i:/WORK/IMSIC/u_core/g_intfile[0].u_intFile/toCSR_illegal}}
{r:/WORK/IMSIC/intFile/toCSR_pending {i:/WORK/IMSIC/u_core/g_intfile[0].u_intFile/toCSR_pending}}
{{r:/WORK/IMSIC/intFile/toCSR_rdata_bits[0]} {i:/WORK/IMSIC/u_core/g_intfile[0].u_intFile/toCSR_rdata_bits[0]}}
{{r:/WORK/IMSIC/intFile/toCSR_rdata_bits[10]} {i:/WORK/IMSIC/u_core/g_intfile[0].u_intFile/toCSR_rdata_bits[10]}}
{{r:/WORK/IMSIC/intFile/toCSR_rdata_bits[11]} {i:/WORK/IMSIC/u_core/g_intfile[0].u_intFile/toCSR_rdata_bits[11]}}
{{r:/WORK/IMSIC/intFile/toCSR_rdata_bits[12]} {i:/WORK/IMSIC/u_core/g_intfile[0].u_intFile/toCSR_rdata_bits[12]}}
{{r:/WORK/IMSIC/intFile/toCSR_rdata_bits[13]} {i:/WORK/IMSIC/u_core/g_intfile[0].u_intFile/toCSR_rdata_bits[13]}}
{{r:/WORK/IMSIC/intFile/toCSR_rdata_bits[14]} {i:/WORK/IMSIC/u_core/g_intfile[0].u_intFile/toCSR_rdata_bits[14]}}
{{r:/WORK/IMSIC/intFile/toCSR_rdata_bits[15]} {i:/WORK/IMSIC/u_core/g_intfile[0].u_intFile/toCSR_rdata_bits[15]}}
{{r:/WORK/IMSIC/intFile/toCSR_rdata_bits[16]} {i:/WORK/IMSIC/u_core/g_intfile[0].u_intFile/toCSR_rdata_bits[16]}}
{{r:/WORK/IMSIC/intFile/toCSR_rdata_bits[17]} {i:/WORK/IMSIC/u_core/g_intfile[0].u_intFile/toCSR_rdata_bits[17]}}
{{r:/WORK/IMSIC/intFile/toCSR_rdata_bits[18]} {i:/WORK/IMSIC/u_core/g_intfile[0].u_intFile/toCSR_rdata_bits[18]}}
{{r:/WORK/IMSIC/intFile/toCSR_rdata_bits[19]} {i:/WORK/IMSIC/u_core/g_intfile[0].u_intFile/toCSR_rdata_bits[19]}}
{{r:/WORK/IMSIC/intFile/toCSR_rdata_bits[1]} {i:/WORK/IMSIC/u_core/g_intfile[0].u_intFile/toCSR_rdata_bits[1]}}
{{r:/WORK/IMSIC/intFile/toCSR_rdata_bits[20]} {i:/WORK/IMSIC/u_core/g_intfile[0].u_intFile/toCSR_rdata_bits[20]}}
{{r:/WORK/IMSIC/intFile/toCSR_rdata_bits[21]} {i:/WORK/IMSIC/u_core/g_intfile[0].u_intFile/toCSR_rdata_bits[21]}}
{{r:/WORK/IMSIC/intFile/toCSR_rdata_bits[22]} {i:/WORK/IMSIC/u_core/g_intfile[0].u_intFile/toCSR_rdata_bits[22]}}
{{r:/WORK/IMSIC/intFile/toCSR_rdata_bits[23]} {i:/WORK/IMSIC/u_core/g_intfile[0].u_intFile/toCSR_rdata_bits[23]}}
{{r:/WORK/IMSIC/intFile/toCSR_rdata_bits[24]} {i:/WORK/IMSIC/u_core/g_intfile[0].u_intFile/toCSR_rdata_bits[24]}}
{{r:/WORK/IMSIC/intFile/toCSR_rdata_bits[25]} {i:/WORK/IMSIC/u_core/g_intfile[0].u_intFile/toCSR_rdata_bits[25]}}
{{r:/WORK/IMSIC/intFile/toCSR_rdata_bits[26]} {i:/WORK/IMSIC/u_core/g_intfile[0].u_intFile/toCSR_rdata_bits[26]}}
{{r:/WORK/IMSIC/intFile/toCSR_rdata_bits[27]} {i:/WORK/IMSIC/u_core/g_intfile[0].u_intFile/toCSR_rdata_bits[27]}}
{{r:/WORK/IMSIC/intFile/toCSR_rdata_bits[28]} {i:/WORK/IMSIC/u_core/g_intfile[0].u_intFile/toCSR_rdata_bits[28]}}
{{r:/WORK/IMSIC/intFile/toCSR_rdata_bits[29]} {i:/WORK/IMSIC/u_core/g_intfile[0].u_intFile/toCSR_rdata_bits[29]}}
{{r:/WORK/IMSIC/intFile/toCSR_rdata_bits[2]} {i:/WORK/IMSIC/u_core/g_intfile[0].u_intFile/toCSR_rdata_bits[2]}}
{{r:/WORK/IMSIC/intFile/toCSR_rdata_bits[30]} {i:/WORK/IMSIC/u_core/g_intfile[0].u_intFile/toCSR_rdata_bits[30]}}
{{r:/WORK/IMSIC/intFile/toCSR_rdata_bits[31]} {i:/WORK/IMSIC/u_core/g_intfile[0].u_intFile/toCSR_rdata_bits[31]}}
{{r:/WORK/IMSIC/intFile/toCSR_rdata_bits[32]} {i:/WORK/IMSIC/u_core/g_intfile[0].u_intFile/toCSR_rdata_bits[32]}}
{{r:/WORK/IMSIC/intFile/toCSR_rdata_bits[33]} {i:/WORK/IMSIC/u_core/g_intfile[0].u_intFile/toCSR_rdata_bits[33]}}
{{r:/WORK/IMSIC/intFile/toCSR_rdata_bits[34]} {i:/WORK/IMSIC/u_core/g_intfile[0].u_intFile/toCSR_rdata_bits[34]}}
{{r:/WORK/IMSIC/intFile/toCSR_rdata_bits[35]} {i:/WORK/IMSIC/u_core/g_intfile[0].u_intFile/toCSR_rdata_bits[35]}}
{{r:/WORK/IMSIC/intFile/toCSR_rdata_bits[36]} {i:/WORK/IMSIC/u_core/g_intfile[0].u_intFile/toCSR_rdata_bits[36]}}
{{r:/WORK/IMSIC/intFile/toCSR_rdata_bits[37]} {i:/WORK/IMSIC/u_core/g_intfile[0].u_intFile/toCSR_rdata_bits[37]}}
{{r:/WORK/IMSIC/intFile/toCSR_rdata_bits[38]} {i:/WORK/IMSIC/u_core/g_intfile[0].u_intFile/toCSR_rdata_bits[38]}}
{{r:/WORK/IMSIC/intFile/toCSR_rdata_bits[39]} {i:/WORK/IMSIC/u_core/g_intfile[0].u_intFile/toCSR_rdata_bits[39]}}
{{r:/WORK/IMSIC/intFile/toCSR_rdata_bits[3]} {i:/WORK/IMSIC/u_core/g_intfile[0].u_intFile/toCSR_rdata_bits[3]}}
{{r:/WORK/IMSIC/intFile/toCSR_rdata_bits[40]} {i:/WORK/IMSIC/u_core/g_intfile[0].u_intFile/toCSR_rdata_bits[40]}}
{{r:/WORK/IMSIC/intFile/toCSR_rdata_bits[41]} {i:/WORK/IMSIC/u_core/g_intfile[0].u_intFile/toCSR_rdata_bits[41]}}
{{r:/WORK/IMSIC/intFile/toCSR_rdata_bits[42]} {i:/WORK/IMSIC/u_core/g_intfile[0].u_intFile/toCSR_rdata_bits[42]}}
{{r:/WORK/IMSIC/intFile/toCSR_rdata_bits[43]} {i:/WORK/IMSIC/u_core/g_intfile[0].u_intFile/toCSR_rdata_bits[43]}}
{{r:/WORK/IMSIC/intFile/toCSR_rdata_bits[44]} {i:/WORK/IMSIC/u_core/g_intfile[0].u_intFile/toCSR_rdata_bits[44]}}
{{r:/WORK/IMSIC/intFile/toCSR_rdata_bits[45]} {i:/WORK/IMSIC/u_core/g_intfile[0].u_intFile/toCSR_rdata_bits[45]}}
{{r:/WORK/IMSIC/intFile/toCSR_rdata_bits[46]} {i:/WORK/IMSIC/u_core/g_intfile[0].u_intFile/toCSR_rdata_bits[46]}}
{{r:/WORK/IMSIC/intFile/toCSR_rdata_bits[47]} {i:/WORK/IMSIC/u_core/g_intfile[0].u_intFile/toCSR_rdata_bits[47]}}
{{r:/WORK/IMSIC/intFile/toCSR_rdata_bits[48]} {i:/WORK/IMSIC/u_core/g_intfile[0].u_intFile/toCSR_rdata_bits[48]}}
{{r:/WORK/IMSIC/intFile/toCSR_rdata_bits[49]} {i:/WORK/IMSIC/u_core/g_intfile[0].u_intFile/toCSR_rdata_bits[49]}}
{{r:/WORK/IMSIC/intFile/toCSR_rdata_bits[4]} {i:/WORK/IMSIC/u_core/g_intfile[0].u_intFile/toCSR_rdata_bits[4]}}
{{r:/WORK/IMSIC/intFile/toCSR_rdata_bits[50]} {i:/WORK/IMSIC/u_core/g_intfile[0].u_intFile/toCSR_rdata_bits[50]}}
{{r:/WORK/IMSIC/intFile/toCSR_rdata_bits[51]} {i:/WORK/IMSIC/u_core/g_intfile[0].u_intFile/toCSR_rdata_bits[51]}}
{{r:/WORK/IMSIC/intFile/toCSR_rdata_bits[52]} {i:/WORK/IMSIC/u_core/g_intfile[0].u_intFile/toCSR_rdata_bits[52]}}
{{r:/WORK/IMSIC/intFile/toCSR_rdata_bits[53]} {i:/WORK/IMSIC/u_core/g_intfile[0].u_intFile/toCSR_rdata_bits[53]}}
{{r:/WORK/IMSIC/intFile/toCSR_rdata_bits[54]} {i:/WORK/IMSIC/u_core/g_intfile[0].u_intFile/toCSR_rdata_bits[54]}}
{{r:/WORK/IMSIC/intFile/toCSR_rdata_bits[55]} {i:/WORK/IMSIC/u_core/g_intfile[0].u_intFile/toCSR_rdata_bits[55]}}
{{r:/WORK/IMSIC/intFile/toCSR_rdata_bits[56]} {i:/WORK/IMSIC/u_core/g_intfile[0].u_intFile/toCSR_rdata_bits[56]}}
{{r:/WORK/IMSIC/intFile/toCSR_rdata_bits[57]} {i:/WORK/IMSIC/u_core/g_intfile[0].u_intFile/toCSR_rdata_bits[57]}}
{{r:/WORK/IMSIC/intFile/toCSR_rdata_bits[58]} {i:/WORK/IMSIC/u_core/g_intfile[0].u_intFile/toCSR_rdata_bits[58]}}
{{r:/WORK/IMSIC/intFile/toCSR_rdata_bits[59]} {i:/WORK/IMSIC/u_core/g_intfile[0].u_intFile/toCSR_rdata_bits[59]}}
{{r:/WORK/IMSIC/intFile/toCSR_rdata_bits[5]} {i:/WORK/IMSIC/u_core/g_intfile[0].u_intFile/toCSR_rdata_bits[5]}}
{{r:/WORK/IMSIC/intFile/toCSR_rdata_bits[60]} {i:/WORK/IMSIC/u_core/g_intfile[0].u_intFile/toCSR_rdata_bits[60]}}
{{r:/WORK/IMSIC/intFile/toCSR_rdata_bits[61]} {i:/WORK/IMSIC/u_core/g_intfile[0].u_intFile/toCSR_rdata_bits[61]}}
{{r:/WORK/IMSIC/intFile/toCSR_rdata_bits[62]} {i:/WORK/IMSIC/u_core/g_intfile[0].u_intFile/toCSR_rdata_bits[62]}}
{{r:/WORK/IMSIC/intFile/toCSR_rdata_bits[63]} {i:/WORK/IMSIC/u_core/g_intfile[0].u_intFile/toCSR_rdata_bits[63]}}
{{r:/WORK/IMSIC/intFile/toCSR_rdata_bits[6]} {i:/WORK/IMSIC/u_core/g_intfile[0].u_intFile/toCSR_rdata_bits[6]}}
{{r:/WORK/IMSIC/intFile/toCSR_rdata_bits[7]} {i:/WORK/IMSIC/u_core/g_intfile[0].u_intFile/toCSR_rdata_bits[7]}}
{{r:/WORK/IMSIC/intFile/toCSR_rdata_bits[8]} {i:/WORK/IMSIC/u_core/g_intfile[0].u_intFile/toCSR_rdata_bits[8]}}
{{r:/WORK/IMSIC/intFile/toCSR_rdata_bits[9]} {i:/WORK/IMSIC/u_core/g_intfile[0].u_intFile/toCSR_rdata_bits[9]}}
{r:/WORK/IMSIC/intFile/toCSR_rdata_valid {i:/WORK/IMSIC/u_core/g_intfile[0].u_intFile/toCSR_rdata_valid}}
{{r:/WORK/IMSIC/intFile/toCSR_topei[0]} {i:/WORK/IMSIC/u_core/g_intfile[0].u_intFile/toCSR_topei[0]}}
{{r:/WORK/IMSIC/intFile/toCSR_topei[1]} {i:/WORK/IMSIC/u_core/g_intfile[0].u_intFile/toCSR_topei[1]}}
{{r:/WORK/IMSIC/intFile/toCSR_topei[2]} {i:/WORK/IMSIC/u_core/g_intfile[0].u_intFile/toCSR_topei[2]}}
{{r:/WORK/IMSIC/intFile/toCSR_topei[3]} {i:/WORK/IMSIC/u_core/g_intfile[0].u_intFile/toCSR_topei[3]}}
{{r:/WORK/IMSIC/intFile/toCSR_topei[4]} {i:/WORK/IMSIC/u_core/g_intfile[0].u_intFile/toCSR_topei[4]}}
{{r:/WORK/IMSIC/intFile/toCSR_topei[5]} {i:/WORK/IMSIC/u_core/g_intfile[0].u_intFile/toCSR_topei[5]}}
{{r:/WORK/IMSIC/intFile/toCSR_topei[6]} {i:/WORK/IMSIC/u_core/g_intfile[0].u_intFile/toCSR_topei[6]}}
{{r:/WORK/IMSIC/intFile/toCSR_topei[7]} {i:/WORK/IMSIC/u_core/g_intfile[0].u_intFile/toCSR_topei[7]}}
{{r:/WORK/IMSIC/intFile_1/fromCSR_seteipnum_bits[0]} {i:/WORK/IMSIC/u_core/g_intfile[1].u_intFile/fromCSR_seteipnum_bits[0]}}
{{r:/WORK/IMSIC/intFile_1/fromCSR_seteipnum_bits[1]} {i:/WORK/IMSIC/u_core/g_intfile[1].u_intFile/fromCSR_seteipnum_bits[1]}}
{{r:/WORK/IMSIC/intFile_1/fromCSR_seteipnum_bits[2]} {i:/WORK/IMSIC/u_core/g_intfile[1].u_intFile/fromCSR_seteipnum_bits[2]}}
{{r:/WORK/IMSIC/intFile_1/fromCSR_seteipnum_bits[3]} {i:/WORK/IMSIC/u_core/g_intfile[1].u_intFile/fromCSR_seteipnum_bits[3]}}
{{r:/WORK/IMSIC/intFile_1/fromCSR_seteipnum_bits[4]} {i:/WORK/IMSIC/u_core/g_intfile[1].u_intFile/fromCSR_seteipnum_bits[4]}}
{{r:/WORK/IMSIC/intFile_1/fromCSR_seteipnum_bits[5]} {i:/WORK/IMSIC/u_core/g_intfile[1].u_intFile/fromCSR_seteipnum_bits[5]}}
{{r:/WORK/IMSIC/intFile_1/fromCSR_seteipnum_bits[6]} {i:/WORK/IMSIC/u_core/g_intfile[1].u_intFile/fromCSR_seteipnum_bits[6]}}
{{r:/WORK/IMSIC/intFile_1/fromCSR_seteipnum_bits[7]} {i:/WORK/IMSIC/u_core/g_intfile[1].u_intFile/fromCSR_seteipnum_bits[7]}}
{r:/WORK/IMSIC/intFile_1/toCSR_illegal {i:/WORK/IMSIC/u_core/g_intfile[1].u_intFile/toCSR_illegal}}
{r:/WORK/IMSIC/intFile_1/toCSR_pending {i:/WORK/IMSIC/u_core/g_intfile[1].u_intFile/toCSR_pending}}
{{r:/WORK/IMSIC/intFile_1/toCSR_rdata_bits[0]} {i:/WORK/IMSIC/u_core/g_intfile[1].u_intFile/toCSR_rdata_bits[0]}}
{{r:/WORK/IMSIC/intFile_1/toCSR_rdata_bits[10]} {i:/WORK/IMSIC/u_core/g_intfile[1].u_intFile/toCSR_rdata_bits[10]}}
{{r:/WORK/IMSIC/intFile_1/toCSR_rdata_bits[11]} {i:/WORK/IMSIC/u_core/g_intfile[1].u_intFile/toCSR_rdata_bits[11]}}
{{r:/WORK/IMSIC/intFile_1/toCSR_rdata_bits[12]} {i:/WORK/IMSIC/u_core/g_intfile[1].u_intFile/toCSR_rdata_bits[12]}}
{{r:/WORK/IMSIC/intFile_1/toCSR_rdata_bits[13]} {i:/WORK/IMSIC/u_core/g_intfile[1].u_intFile/toCSR_rdata_bits[13]}}
{{r:/WORK/IMSIC/intFile_1/toCSR_rdata_bits[14]} {i:/WORK/IMSIC/u_core/g_intfile[1].u_intFile/toCSR_rdata_bits[14]}}
{{r:/WORK/IMSIC/intFile_1/toCSR_rdata_bits[15]} {i:/WORK/IMSIC/u_core/g_intfile[1].u_intFile/toCSR_rdata_bits[15]}}
{{r:/WORK/IMSIC/intFile_1/toCSR_rdata_bits[16]} {i:/WORK/IMSIC/u_core/g_intfile[1].u_intFile/toCSR_rdata_bits[16]}}
{{r:/WORK/IMSIC/intFile_1/toCSR_rdata_bits[17]} {i:/WORK/IMSIC/u_core/g_intfile[1].u_intFile/toCSR_rdata_bits[17]}}
{{r:/WORK/IMSIC/intFile_1/toCSR_rdata_bits[18]} {i:/WORK/IMSIC/u_core/g_intfile[1].u_intFile/toCSR_rdata_bits[18]}}
{{r:/WORK/IMSIC/intFile_1/toCSR_rdata_bits[19]} {i:/WORK/IMSIC/u_core/g_intfile[1].u_intFile/toCSR_rdata_bits[19]}}
{{r:/WORK/IMSIC/intFile_1/toCSR_rdata_bits[1]} {i:/WORK/IMSIC/u_core/g_intfile[1].u_intFile/toCSR_rdata_bits[1]}}
{{r:/WORK/IMSIC/intFile_1/toCSR_rdata_bits[20]} {i:/WORK/IMSIC/u_core/g_intfile[1].u_intFile/toCSR_rdata_bits[20]}}
{{r:/WORK/IMSIC/intFile_1/toCSR_rdata_bits[21]} {i:/WORK/IMSIC/u_core/g_intfile[1].u_intFile/toCSR_rdata_bits[21]}}
{{r:/WORK/IMSIC/intFile_1/toCSR_rdata_bits[22]} {i:/WORK/IMSIC/u_core/g_intfile[1].u_intFile/toCSR_rdata_bits[22]}}
{{r:/WORK/IMSIC/intFile_1/toCSR_rdata_bits[23]} {i:/WORK/IMSIC/u_core/g_intfile[1].u_intFile/toCSR_rdata_bits[23]}}
{{r:/WORK/IMSIC/intFile_1/toCSR_rdata_bits[24]} {i:/WORK/IMSIC/u_core/g_intfile[1].u_intFile/toCSR_rdata_bits[24]}}
{{r:/WORK/IMSIC/intFile_1/toCSR_rdata_bits[25]} {i:/WORK/IMSIC/u_core/g_intfile[1].u_intFile/toCSR_rdata_bits[25]}}
{{r:/WORK/IMSIC/intFile_1/toCSR_rdata_bits[26]} {i:/WORK/IMSIC/u_core/g_intfile[1].u_intFile/toCSR_rdata_bits[26]}}
{{r:/WORK/IMSIC/intFile_1/toCSR_rdata_bits[27]} {i:/WORK/IMSIC/u_core/g_intfile[1].u_intFile/toCSR_rdata_bits[27]}}
{{r:/WORK/IMSIC/intFile_1/toCSR_rdata_bits[28]} {i:/WORK/IMSIC/u_core/g_intfile[1].u_intFile/toCSR_rdata_bits[28]}}
{{r:/WORK/IMSIC/intFile_1/toCSR_rdata_bits[29]} {i:/WORK/IMSIC/u_core/g_intfile[1].u_intFile/toCSR_rdata_bits[29]}}
{{r:/WORK/IMSIC/intFile_1/toCSR_rdata_bits[2]} {i:/WORK/IMSIC/u_core/g_intfile[1].u_intFile/toCSR_rdata_bits[2]}}
{{r:/WORK/IMSIC/intFile_1/toCSR_rdata_bits[30]} {i:/WORK/IMSIC/u_core/g_intfile[1].u_intFile/toCSR_rdata_bits[30]}}
{{r:/WORK/IMSIC/intFile_1/toCSR_rdata_bits[31]} {i:/WORK/IMSIC/u_core/g_intfile[1].u_intFile/toCSR_rdata_bits[31]}}
{{r:/WORK/IMSIC/intFile_1/toCSR_rdata_bits[32]} {i:/WORK/IMSIC/u_core/g_intfile[1].u_intFile/toCSR_rdata_bits[32]}}
{{r:/WORK/IMSIC/intFile_1/toCSR_rdata_bits[33]} {i:/WORK/IMSIC/u_core/g_intfile[1].u_intFile/toCSR_rdata_bits[33]}}
{{r:/WORK/IMSIC/intFile_1/toCSR_rdata_bits[34]} {i:/WORK/IMSIC/u_core/g_intfile[1].u_intFile/toCSR_rdata_bits[34]}}
{{r:/WORK/IMSIC/intFile_1/toCSR_rdata_bits[35]} {i:/WORK/IMSIC/u_core/g_intfile[1].u_intFile/toCSR_rdata_bits[35]}}
{{r:/WORK/IMSIC/intFile_1/toCSR_rdata_bits[36]} {i:/WORK/IMSIC/u_core/g_intfile[1].u_intFile/toCSR_rdata_bits[36]}}
{{r:/WORK/IMSIC/intFile_1/toCSR_rdata_bits[37]} {i:/WORK/IMSIC/u_core/g_intfile[1].u_intFile/toCSR_rdata_bits[37]}}
{{r:/WORK/IMSIC/intFile_1/toCSR_rdata_bits[38]} {i:/WORK/IMSIC/u_core/g_intfile[1].u_intFile/toCSR_rdata_bits[38]}}
{{r:/WORK/IMSIC/intFile_1/toCSR_rdata_bits[39]} {i:/WORK/IMSIC/u_core/g_intfile[1].u_intFile/toCSR_rdata_bits[39]}}
{{r:/WORK/IMSIC/intFile_1/toCSR_rdata_bits[3]} {i:/WORK/IMSIC/u_core/g_intfile[1].u_intFile/toCSR_rdata_bits[3]}}
{{r:/WORK/IMSIC/intFile_1/toCSR_rdata_bits[40]} {i:/WORK/IMSIC/u_core/g_intfile[1].u_intFile/toCSR_rdata_bits[40]}}
{{r:/WORK/IMSIC/intFile_1/toCSR_rdata_bits[41]} {i:/WORK/IMSIC/u_core/g_intfile[1].u_intFile/toCSR_rdata_bits[41]}}
{{r:/WORK/IMSIC/intFile_1/toCSR_rdata_bits[42]} {i:/WORK/IMSIC/u_core/g_intfile[1].u_intFile/toCSR_rdata_bits[42]}}
{{r:/WORK/IMSIC/intFile_1/toCSR_rdata_bits[43]} {i:/WORK/IMSIC/u_core/g_intfile[1].u_intFile/toCSR_rdata_bits[43]}}
{{r:/WORK/IMSIC/intFile_1/toCSR_rdata_bits[44]} {i:/WORK/IMSIC/u_core/g_intfile[1].u_intFile/toCSR_rdata_bits[44]}}
{{r:/WORK/IMSIC/intFile_1/toCSR_rdata_bits[45]} {i:/WORK/IMSIC/u_core/g_intfile[1].u_intFile/toCSR_rdata_bits[45]}}
{{r:/WORK/IMSIC/intFile_1/toCSR_rdata_bits[46]} {i:/WORK/IMSIC/u_core/g_intfile[1].u_intFile/toCSR_rdata_bits[46]}}
{{r:/WORK/IMSIC/intFile_1/toCSR_rdata_bits[47]} {i:/WORK/IMSIC/u_core/g_intfile[1].u_intFile/toCSR_rdata_bits[47]}}
{{r:/WORK/IMSIC/intFile_1/toCSR_rdata_bits[48]} {i:/WORK/IMSIC/u_core/g_intfile[1].u_intFile/toCSR_rdata_bits[48]}}
{{r:/WORK/IMSIC/intFile_1/toCSR_rdata_bits[49]} {i:/WORK/IMSIC/u_core/g_intfile[1].u_intFile/toCSR_rdata_bits[49]}}
{{r:/WORK/IMSIC/intFile_1/toCSR_rdata_bits[4]} {i:/WORK/IMSIC/u_core/g_intfile[1].u_intFile/toCSR_rdata_bits[4]}}
{{r:/WORK/IMSIC/intFile_1/toCSR_rdata_bits[50]} {i:/WORK/IMSIC/u_core/g_intfile[1].u_intFile/toCSR_rdata_bits[50]}}
{{r:/WORK/IMSIC/intFile_1/toCSR_rdata_bits[51]} {i:/WORK/IMSIC/u_core/g_intfile[1].u_intFile/toCSR_rdata_bits[51]}}
{{r:/WORK/IMSIC/intFile_1/toCSR_rdata_bits[52]} {i:/WORK/IMSIC/u_core/g_intfile[1].u_intFile/toCSR_rdata_bits[52]}}
{{r:/WORK/IMSIC/intFile_1/toCSR_rdata_bits[53]} {i:/WORK/IMSIC/u_core/g_intfile[1].u_intFile/toCSR_rdata_bits[53]}}
{{r:/WORK/IMSIC/intFile_1/toCSR_rdata_bits[54]} {i:/WORK/IMSIC/u_core/g_intfile[1].u_intFile/toCSR_rdata_bits[54]}}
{{r:/WORK/IMSIC/intFile_1/toCSR_rdata_bits[55]} {i:/WORK/IMSIC/u_core/g_intfile[1].u_intFile/toCSR_rdata_bits[55]}}
{{r:/WORK/IMSIC/intFile_1/toCSR_rdata_bits[56]} {i:/WORK/IMSIC/u_core/g_intfile[1].u_intFile/toCSR_rdata_bits[56]}}
{{r:/WORK/IMSIC/intFile_1/toCSR_rdata_bits[57]} {i:/WORK/IMSIC/u_core/g_intfile[1].u_intFile/toCSR_rdata_bits[57]}}
{{r:/WORK/IMSIC/intFile_1/toCSR_rdata_bits[58]} {i:/WORK/IMSIC/u_core/g_intfile[1].u_intFile/toCSR_rdata_bits[58]}}
{{r:/WORK/IMSIC/intFile_1/toCSR_rdata_bits[59]} {i:/WORK/IMSIC/u_core/g_intfile[1].u_intFile/toCSR_rdata_bits[59]}}
{{r:/WORK/IMSIC/intFile_1/toCSR_rdata_bits[5]} {i:/WORK/IMSIC/u_core/g_intfile[1].u_intFile/toCSR_rdata_bits[5]}}
{{r:/WORK/IMSIC/intFile_1/toCSR_rdata_bits[60]} {i:/WORK/IMSIC/u_core/g_intfile[1].u_intFile/toCSR_rdata_bits[60]}}
{{r:/WORK/IMSIC/intFile_1/toCSR_rdata_bits[61]} {i:/WORK/IMSIC/u_core/g_intfile[1].u_intFile/toCSR_rdata_bits[61]}}
{{r:/WORK/IMSIC/intFile_1/toCSR_rdata_bits[62]} {i:/WORK/IMSIC/u_core/g_intfile[1].u_intFile/toCSR_rdata_bits[62]}}
{{r:/WORK/IMSIC/intFile_1/toCSR_rdata_bits[63]} {i:/WORK/IMSIC/u_core/g_intfile[1].u_intFile/toCSR_rdata_bits[63]}}
{{r:/WORK/IMSIC/intFile_1/toCSR_rdata_bits[6]} {i:/WORK/IMSIC/u_core/g_intfile[1].u_intFile/toCSR_rdata_bits[6]}}
{{r:/WORK/IMSIC/intFile_1/toCSR_rdata_bits[7]} {i:/WORK/IMSIC/u_core/g_intfile[1].u_intFile/toCSR_rdata_bits[7]}}
{{r:/WORK/IMSIC/intFile_1/toCSR_rdata_bits[8]} {i:/WORK/IMSIC/u_core/g_intfile[1].u_intFile/toCSR_rdata_bits[8]}}
{{r:/WORK/IMSIC/intFile_1/toCSR_rdata_bits[9]} {i:/WORK/IMSIC/u_core/g_intfile[1].u_intFile/toCSR_rdata_bits[9]}}
{r:/WORK/IMSIC/intFile_1/toCSR_rdata_valid {i:/WORK/IMSIC/u_core/g_intfile[1].u_intFile/toCSR_rdata_valid}}
{{r:/WORK/IMSIC/intFile_1/toCSR_topei[0]} {i:/WORK/IMSIC/u_core/g_intfile[1].u_intFile/toCSR_topei[0]}}
{{r:/WORK/IMSIC/intFile_1/toCSR_topei[1]} {i:/WORK/IMSIC/u_core/g_intfile[1].u_intFile/toCSR_topei[1]}}
{{r:/WORK/IMSIC/intFile_1/toCSR_topei[2]} {i:/WORK/IMSIC/u_core/g_intfile[1].u_intFile/toCSR_topei[2]}}
{{r:/WORK/IMSIC/intFile_1/toCSR_topei[3]} {i:/WORK/IMSIC/u_core/g_intfile[1].u_intFile/toCSR_topei[3]}}
{{r:/WORK/IMSIC/intFile_1/toCSR_topei[4]} {i:/WORK/IMSIC/u_core/g_intfile[1].u_intFile/toCSR_topei[4]}}
{{r:/WORK/IMSIC/intFile_1/toCSR_topei[5]} {i:/WORK/IMSIC/u_core/g_intfile[1].u_intFile/toCSR_topei[5]}}
{{r:/WORK/IMSIC/intFile_1/toCSR_topei[6]} {i:/WORK/IMSIC/u_core/g_intfile[1].u_intFile/toCSR_topei[6]}}
{{r:/WORK/IMSIC/intFile_1/toCSR_topei[7]} {i:/WORK/IMSIC/u_core/g_intfile[1].u_intFile/toCSR_topei[7]}}
{{r:/WORK/IMSIC/intFile_2/fromCSR_seteipnum_bits[0]} {i:/WORK/IMSIC/u_core/g_intfile[2].u_intFile/fromCSR_seteipnum_bits[0]}}
{{r:/WORK/IMSIC/intFile_2/fromCSR_seteipnum_bits[1]} {i:/WORK/IMSIC/u_core/g_intfile[2].u_intFile/fromCSR_seteipnum_bits[1]}}
{{r:/WORK/IMSIC/intFile_2/fromCSR_seteipnum_bits[2]} {i:/WORK/IMSIC/u_core/g_intfile[2].u_intFile/fromCSR_seteipnum_bits[2]}}
{{r:/WORK/IMSIC/intFile_2/fromCSR_seteipnum_bits[3]} {i:/WORK/IMSIC/u_core/g_intfile[2].u_intFile/fromCSR_seteipnum_bits[3]}}
{{r:/WORK/IMSIC/intFile_2/fromCSR_seteipnum_bits[4]} {i:/WORK/IMSIC/u_core/g_intfile[2].u_intFile/fromCSR_seteipnum_bits[4]}}
{{r:/WORK/IMSIC/intFile_2/fromCSR_seteipnum_bits[5]} {i:/WORK/IMSIC/u_core/g_intfile[2].u_intFile/fromCSR_seteipnum_bits[5]}}
{{r:/WORK/IMSIC/intFile_2/fromCSR_seteipnum_bits[6]} {i:/WORK/IMSIC/u_core/g_intfile[2].u_intFile/fromCSR_seteipnum_bits[6]}}
{{r:/WORK/IMSIC/intFile_2/fromCSR_seteipnum_bits[7]} {i:/WORK/IMSIC/u_core/g_intfile[2].u_intFile/fromCSR_seteipnum_bits[7]}}
{r:/WORK/IMSIC/intFile_2/toCSR_illegal {i:/WORK/IMSIC/u_core/g_intfile[2].u_intFile/toCSR_illegal}}
{r:/WORK/IMSIC/intFile_2/toCSR_pending {i:/WORK/IMSIC/u_core/g_intfile[2].u_intFile/toCSR_pending}}
{{r:/WORK/IMSIC/intFile_2/toCSR_rdata_bits[0]} {i:/WORK/IMSIC/u_core/g_intfile[2].u_intFile/toCSR_rdata_bits[0]}}
{{r:/WORK/IMSIC/intFile_2/toCSR_rdata_bits[10]} {i:/WORK/IMSIC/u_core/g_intfile[2].u_intFile/toCSR_rdata_bits[10]}}
{{r:/WORK/IMSIC/intFile_2/toCSR_rdata_bits[11]} {i:/WORK/IMSIC/u_core/g_intfile[2].u_intFile/toCSR_rdata_bits[11]}}
{{r:/WORK/IMSIC/intFile_2/toCSR_rdata_bits[12]} {i:/WORK/IMSIC/u_core/g_intfile[2].u_intFile/toCSR_rdata_bits[12]}}
{{r:/WORK/IMSIC/intFile_2/toCSR_rdata_bits[13]} {i:/WORK/IMSIC/u_core/g_intfile[2].u_intFile/toCSR_rdata_bits[13]}}
{{r:/WORK/IMSIC/intFile_2/toCSR_rdata_bits[14]} {i:/WORK/IMSIC/u_core/g_intfile[2].u_intFile/toCSR_rdata_bits[14]}}
{{r:/WORK/IMSIC/intFile_2/toCSR_rdata_bits[15]} {i:/WORK/IMSIC/u_core/g_intfile[2].u_intFile/toCSR_rdata_bits[15]}}
{{r:/WORK/IMSIC/intFile_2/toCSR_rdata_bits[16]} {i:/WORK/IMSIC/u_core/g_intfile[2].u_intFile/toCSR_rdata_bits[16]}}
{{r:/WORK/IMSIC/intFile_2/toCSR_rdata_bits[17]} {i:/WORK/IMSIC/u_core/g_intfile[2].u_intFile/toCSR_rdata_bits[17]}}
{{r:/WORK/IMSIC/intFile_2/toCSR_rdata_bits[18]} {i:/WORK/IMSIC/u_core/g_intfile[2].u_intFile/toCSR_rdata_bits[18]}}
{{r:/WORK/IMSIC/intFile_2/toCSR_rdata_bits[19]} {i:/WORK/IMSIC/u_core/g_intfile[2].u_intFile/toCSR_rdata_bits[19]}}
{{r:/WORK/IMSIC/intFile_2/toCSR_rdata_bits[1]} {i:/WORK/IMSIC/u_core/g_intfile[2].u_intFile/toCSR_rdata_bits[1]}}
{{r:/WORK/IMSIC/intFile_2/toCSR_rdata_bits[20]} {i:/WORK/IMSIC/u_core/g_intfile[2].u_intFile/toCSR_rdata_bits[20]}}
{{r:/WORK/IMSIC/intFile_2/toCSR_rdata_bits[21]} {i:/WORK/IMSIC/u_core/g_intfile[2].u_intFile/toCSR_rdata_bits[21]}}
{{r:/WORK/IMSIC/intFile_2/toCSR_rdata_bits[22]} {i:/WORK/IMSIC/u_core/g_intfile[2].u_intFile/toCSR_rdata_bits[22]}}
{{r:/WORK/IMSIC/intFile_2/toCSR_rdata_bits[23]} {i:/WORK/IMSIC/u_core/g_intfile[2].u_intFile/toCSR_rdata_bits[23]}}
{{r:/WORK/IMSIC/intFile_2/toCSR_rdata_bits[24]} {i:/WORK/IMSIC/u_core/g_intfile[2].u_intFile/toCSR_rdata_bits[24]}}
{{r:/WORK/IMSIC/intFile_2/toCSR_rdata_bits[25]} {i:/WORK/IMSIC/u_core/g_intfile[2].u_intFile/toCSR_rdata_bits[25]}}
{{r:/WORK/IMSIC/intFile_2/toCSR_rdata_bits[26]} {i:/WORK/IMSIC/u_core/g_intfile[2].u_intFile/toCSR_rdata_bits[26]}}
{{r:/WORK/IMSIC/intFile_2/toCSR_rdata_bits[27]} {i:/WORK/IMSIC/u_core/g_intfile[2].u_intFile/toCSR_rdata_bits[27]}}
{{r:/WORK/IMSIC/intFile_2/toCSR_rdata_bits[28]} {i:/WORK/IMSIC/u_core/g_intfile[2].u_intFile/toCSR_rdata_bits[28]}}
{{r:/WORK/IMSIC/intFile_2/toCSR_rdata_bits[29]} {i:/WORK/IMSIC/u_core/g_intfile[2].u_intFile/toCSR_rdata_bits[29]}}
{{r:/WORK/IMSIC/intFile_2/toCSR_rdata_bits[2]} {i:/WORK/IMSIC/u_core/g_intfile[2].u_intFile/toCSR_rdata_bits[2]}}
{{r:/WORK/IMSIC/intFile_2/toCSR_rdata_bits[30]} {i:/WORK/IMSIC/u_core/g_intfile[2].u_intFile/toCSR_rdata_bits[30]}}
{{r:/WORK/IMSIC/intFile_2/toCSR_rdata_bits[31]} {i:/WORK/IMSIC/u_core/g_intfile[2].u_intFile/toCSR_rdata_bits[31]}}
{{r:/WORK/IMSIC/intFile_2/toCSR_rdata_bits[32]} {i:/WORK/IMSIC/u_core/g_intfile[2].u_intFile/toCSR_rdata_bits[32]}}
{{r:/WORK/IMSIC/intFile_2/toCSR_rdata_bits[33]} {i:/WORK/IMSIC/u_core/g_intfile[2].u_intFile/toCSR_rdata_bits[33]}}
{{r:/WORK/IMSIC/intFile_2/toCSR_rdata_bits[34]} {i:/WORK/IMSIC/u_core/g_intfile[2].u_intFile/toCSR_rdata_bits[34]}}
{{r:/WORK/IMSIC/intFile_2/toCSR_rdata_bits[35]} {i:/WORK/IMSIC/u_core/g_intfile[2].u_intFile/toCSR_rdata_bits[35]}}
{{r:/WORK/IMSIC/intFile_2/toCSR_rdata_bits[36]} {i:/WORK/IMSIC/u_core/g_intfile[2].u_intFile/toCSR_rdata_bits[36]}}
{{r:/WORK/IMSIC/intFile_2/toCSR_rdata_bits[37]} {i:/WORK/IMSIC/u_core/g_intfile[2].u_intFile/toCSR_rdata_bits[37]}}
{{r:/WORK/IMSIC/intFile_2/toCSR_rdata_bits[38]} {i:/WORK/IMSIC/u_core/g_intfile[2].u_intFile/toCSR_rdata_bits[38]}}
{{r:/WORK/IMSIC/intFile_2/toCSR_rdata_bits[39]} {i:/WORK/IMSIC/u_core/g_intfile[2].u_intFile/toCSR_rdata_bits[39]}}
{{r:/WORK/IMSIC/intFile_2/toCSR_rdata_bits[3]} {i:/WORK/IMSIC/u_core/g_intfile[2].u_intFile/toCSR_rdata_bits[3]}}
{{r:/WORK/IMSIC/intFile_2/toCSR_rdata_bits[40]} {i:/WORK/IMSIC/u_core/g_intfile[2].u_intFile/toCSR_rdata_bits[40]}}
{{r:/WORK/IMSIC/intFile_2/toCSR_rdata_bits[41]} {i:/WORK/IMSIC/u_core/g_intfile[2].u_intFile/toCSR_rdata_bits[41]}}
{{r:/WORK/IMSIC/intFile_2/toCSR_rdata_bits[42]} {i:/WORK/IMSIC/u_core/g_intfile[2].u_intFile/toCSR_rdata_bits[42]}}
{{r:/WORK/IMSIC/intFile_2/toCSR_rdata_bits[43]} {i:/WORK/IMSIC/u_core/g_intfile[2].u_intFile/toCSR_rdata_bits[43]}}
{{r:/WORK/IMSIC/intFile_2/toCSR_rdata_bits[44]} {i:/WORK/IMSIC/u_core/g_intfile[2].u_intFile/toCSR_rdata_bits[44]}}
{{r:/WORK/IMSIC/intFile_2/toCSR_rdata_bits[45]} {i:/WORK/IMSIC/u_core/g_intfile[2].u_intFile/toCSR_rdata_bits[45]}}
{{r:/WORK/IMSIC/intFile_2/toCSR_rdata_bits[46]} {i:/WORK/IMSIC/u_core/g_intfile[2].u_intFile/toCSR_rdata_bits[46]}}
{{r:/WORK/IMSIC/intFile_2/toCSR_rdata_bits[47]} {i:/WORK/IMSIC/u_core/g_intfile[2].u_intFile/toCSR_rdata_bits[47]}}
{{r:/WORK/IMSIC/intFile_2/toCSR_rdata_bits[48]} {i:/WORK/IMSIC/u_core/g_intfile[2].u_intFile/toCSR_rdata_bits[48]}}
{{r:/WORK/IMSIC/intFile_2/toCSR_rdata_bits[49]} {i:/WORK/IMSIC/u_core/g_intfile[2].u_intFile/toCSR_rdata_bits[49]}}
{{r:/WORK/IMSIC/intFile_2/toCSR_rdata_bits[4]} {i:/WORK/IMSIC/u_core/g_intfile[2].u_intFile/toCSR_rdata_bits[4]}}
{{r:/WORK/IMSIC/intFile_2/toCSR_rdata_bits[50]} {i:/WORK/IMSIC/u_core/g_intfile[2].u_intFile/toCSR_rdata_bits[50]}}
{{r:/WORK/IMSIC/intFile_2/toCSR_rdata_bits[51]} {i:/WORK/IMSIC/u_core/g_intfile[2].u_intFile/toCSR_rdata_bits[51]}}
{{r:/WORK/IMSIC/intFile_2/toCSR_rdata_bits[52]} {i:/WORK/IMSIC/u_core/g_intfile[2].u_intFile/toCSR_rdata_bits[52]}}
{{r:/WORK/IMSIC/intFile_2/toCSR_rdata_bits[53]} {i:/WORK/IMSIC/u_core/g_intfile[2].u_intFile/toCSR_rdata_bits[53]}}
{{r:/WORK/IMSIC/intFile_2/toCSR_rdata_bits[54]} {i:/WORK/IMSIC/u_core/g_intfile[2].u_intFile/toCSR_rdata_bits[54]}}
{{r:/WORK/IMSIC/intFile_2/toCSR_rdata_bits[55]} {i:/WORK/IMSIC/u_core/g_intfile[2].u_intFile/toCSR_rdata_bits[55]}}
{{r:/WORK/IMSIC/intFile_2/toCSR_rdata_bits[56]} {i:/WORK/IMSIC/u_core/g_intfile[2].u_intFile/toCSR_rdata_bits[56]}}
{{r:/WORK/IMSIC/intFile_2/toCSR_rdata_bits[57]} {i:/WORK/IMSIC/u_core/g_intfile[2].u_intFile/toCSR_rdata_bits[57]}}
{{r:/WORK/IMSIC/intFile_2/toCSR_rdata_bits[58]} {i:/WORK/IMSIC/u_core/g_intfile[2].u_intFile/toCSR_rdata_bits[58]}}
{{r:/WORK/IMSIC/intFile_2/toCSR_rdata_bits[59]} {i:/WORK/IMSIC/u_core/g_intfile[2].u_intFile/toCSR_rdata_bits[59]}}
{{r:/WORK/IMSIC/intFile_2/toCSR_rdata_bits[5]} {i:/WORK/IMSIC/u_core/g_intfile[2].u_intFile/toCSR_rdata_bits[5]}}
{{r:/WORK/IMSIC/intFile_2/toCSR_rdata_bits[60]} {i:/WORK/IMSIC/u_core/g_intfile[2].u_intFile/toCSR_rdata_bits[60]}}
{{r:/WORK/IMSIC/intFile_2/toCSR_rdata_bits[61]} {i:/WORK/IMSIC/u_core/g_intfile[2].u_intFile/toCSR_rdata_bits[61]}}
{{r:/WORK/IMSIC/intFile_2/toCSR_rdata_bits[62]} {i:/WORK/IMSIC/u_core/g_intfile[2].u_intFile/toCSR_rdata_bits[62]}}
{{r:/WORK/IMSIC/intFile_2/toCSR_rdata_bits[63]} {i:/WORK/IMSIC/u_core/g_intfile[2].u_intFile/toCSR_rdata_bits[63]}}
{{r:/WORK/IMSIC/intFile_2/toCSR_rdata_bits[6]} {i:/WORK/IMSIC/u_core/g_intfile[2].u_intFile/toCSR_rdata_bits[6]}}
{{r:/WORK/IMSIC/intFile_2/toCSR_rdata_bits[7]} {i:/WORK/IMSIC/u_core/g_intfile[2].u_intFile/toCSR_rdata_bits[7]}}
{{r:/WORK/IMSIC/intFile_2/toCSR_rdata_bits[8]} {i:/WORK/IMSIC/u_core/g_intfile[2].u_intFile/toCSR_rdata_bits[8]}}
{{r:/WORK/IMSIC/intFile_2/toCSR_rdata_bits[9]} {i:/WORK/IMSIC/u_core/g_intfile[2].u_intFile/toCSR_rdata_bits[9]}}
{r:/WORK/IMSIC/intFile_2/toCSR_rdata_valid {i:/WORK/IMSIC/u_core/g_intfile[2].u_intFile/toCSR_rdata_valid}}
{{r:/WORK/IMSIC/intFile_2/toCSR_topei[0]} {i:/WORK/IMSIC/u_core/g_intfile[2].u_intFile/toCSR_topei[0]}}
{{r:/WORK/IMSIC/intFile_2/toCSR_topei[1]} {i:/WORK/IMSIC/u_core/g_intfile[2].u_intFile/toCSR_topei[1]}}
{{r:/WORK/IMSIC/intFile_2/toCSR_topei[2]} {i:/WORK/IMSIC/u_core/g_intfile[2].u_intFile/toCSR_topei[2]}}
{{r:/WORK/IMSIC/intFile_2/toCSR_topei[3]} {i:/WORK/IMSIC/u_core/g_intfile[2].u_intFile/toCSR_topei[3]}}
{{r:/WORK/IMSIC/intFile_2/toCSR_topei[4]} {i:/WORK/IMSIC/u_core/g_intfile[2].u_intFile/toCSR_topei[4]}}
{{r:/WORK/IMSIC/intFile_2/toCSR_topei[5]} {i:/WORK/IMSIC/u_core/g_intfile[2].u_intFile/toCSR_topei[5]}}
{{r:/WORK/IMSIC/intFile_2/toCSR_topei[6]} {i:/WORK/IMSIC/u_core/g_intfile[2].u_intFile/toCSR_topei[6]}}
{{r:/WORK/IMSIC/intFile_2/toCSR_topei[7]} {i:/WORK/IMSIC/u_core/g_intfile[2].u_intFile/toCSR_topei[7]}}
{{r:/WORK/IMSIC/intFile_3/fromCSR_seteipnum_bits[0]} {i:/WORK/IMSIC/u_core/g_intfile[3].u_intFile/fromCSR_seteipnum_bits[0]}}
{{r:/WORK/IMSIC/intFile_3/fromCSR_seteipnum_bits[1]} {i:/WORK/IMSIC/u_core/g_intfile[3].u_intFile/fromCSR_seteipnum_bits[1]}}
{{r:/WORK/IMSIC/intFile_3/fromCSR_seteipnum_bits[2]} {i:/WORK/IMSIC/u_core/g_intfile[3].u_intFile/fromCSR_seteipnum_bits[2]}}
{{r:/WORK/IMSIC/intFile_3/fromCSR_seteipnum_bits[3]} {i:/WORK/IMSIC/u_core/g_intfile[3].u_intFile/fromCSR_seteipnum_bits[3]}}
{{r:/WORK/IMSIC/intFile_3/fromCSR_seteipnum_bits[4]} {i:/WORK/IMSIC/u_core/g_intfile[3].u_intFile/fromCSR_seteipnum_bits[4]}}
{{r:/WORK/IMSIC/intFile_3/fromCSR_seteipnum_bits[5]} {i:/WORK/IMSIC/u_core/g_intfile[3].u_intFile/fromCSR_seteipnum_bits[5]}}
{{r:/WORK/IMSIC/intFile_3/fromCSR_seteipnum_bits[6]} {i:/WORK/IMSIC/u_core/g_intfile[3].u_intFile/fromCSR_seteipnum_bits[6]}}
{{r:/WORK/IMSIC/intFile_3/fromCSR_seteipnum_bits[7]} {i:/WORK/IMSIC/u_core/g_intfile[3].u_intFile/fromCSR_seteipnum_bits[7]}}
{r:/WORK/IMSIC/intFile_3/toCSR_illegal {i:/WORK/IMSIC/u_core/g_intfile[3].u_intFile/toCSR_illegal}}
{r:/WORK/IMSIC/intFile_3/toCSR_pending {i:/WORK/IMSIC/u_core/g_intfile[3].u_intFile/toCSR_pending}}
{{r:/WORK/IMSIC/intFile_3/toCSR_rdata_bits[0]} {i:/WORK/IMSIC/u_core/g_intfile[3].u_intFile/toCSR_rdata_bits[0]}}
{{r:/WORK/IMSIC/intFile_3/toCSR_rdata_bits[10]} {i:/WORK/IMSIC/u_core/g_intfile[3].u_intFile/toCSR_rdata_bits[10]}}
{{r:/WORK/IMSIC/intFile_3/toCSR_rdata_bits[11]} {i:/WORK/IMSIC/u_core/g_intfile[3].u_intFile/toCSR_rdata_bits[11]}}
{{r:/WORK/IMSIC/intFile_3/toCSR_rdata_bits[12]} {i:/WORK/IMSIC/u_core/g_intfile[3].u_intFile/toCSR_rdata_bits[12]}}
{{r:/WORK/IMSIC/intFile_3/toCSR_rdata_bits[13]} {i:/WORK/IMSIC/u_core/g_intfile[3].u_intFile/toCSR_rdata_bits[13]}}
{{r:/WORK/IMSIC/intFile_3/toCSR_rdata_bits[14]} {i:/WORK/IMSIC/u_core/g_intfile[3].u_intFile/toCSR_rdata_bits[14]}}
{{r:/WORK/IMSIC/intFile_3/toCSR_rdata_bits[15]} {i:/WORK/IMSIC/u_core/g_intfile[3].u_intFile/toCSR_rdata_bits[15]}}
{{r:/WORK/IMSIC/intFile_3/toCSR_rdata_bits[16]} {i:/WORK/IMSIC/u_core/g_intfile[3].u_intFile/toCSR_rdata_bits[16]}}
{{r:/WORK/IMSIC/intFile_3/toCSR_rdata_bits[17]} {i:/WORK/IMSIC/u_core/g_intfile[3].u_intFile/toCSR_rdata_bits[17]}}
{{r:/WORK/IMSIC/intFile_3/toCSR_rdata_bits[18]} {i:/WORK/IMSIC/u_core/g_intfile[3].u_intFile/toCSR_rdata_bits[18]}}
{{r:/WORK/IMSIC/intFile_3/toCSR_rdata_bits[19]} {i:/WORK/IMSIC/u_core/g_intfile[3].u_intFile/toCSR_rdata_bits[19]}}
{{r:/WORK/IMSIC/intFile_3/toCSR_rdata_bits[1]} {i:/WORK/IMSIC/u_core/g_intfile[3].u_intFile/toCSR_rdata_bits[1]}}
{{r:/WORK/IMSIC/intFile_3/toCSR_rdata_bits[20]} {i:/WORK/IMSIC/u_core/g_intfile[3].u_intFile/toCSR_rdata_bits[20]}}
{{r:/WORK/IMSIC/intFile_3/toCSR_rdata_bits[21]} {i:/WORK/IMSIC/u_core/g_intfile[3].u_intFile/toCSR_rdata_bits[21]}}
{{r:/WORK/IMSIC/intFile_3/toCSR_rdata_bits[22]} {i:/WORK/IMSIC/u_core/g_intfile[3].u_intFile/toCSR_rdata_bits[22]}}
{{r:/WORK/IMSIC/intFile_3/toCSR_rdata_bits[23]} {i:/WORK/IMSIC/u_core/g_intfile[3].u_intFile/toCSR_rdata_bits[23]}}
{{r:/WORK/IMSIC/intFile_3/toCSR_rdata_bits[24]} {i:/WORK/IMSIC/u_core/g_intfile[3].u_intFile/toCSR_rdata_bits[24]}}
{{r:/WORK/IMSIC/intFile_3/toCSR_rdata_bits[25]} {i:/WORK/IMSIC/u_core/g_intfile[3].u_intFile/toCSR_rdata_bits[25]}}
{{r:/WORK/IMSIC/intFile_3/toCSR_rdata_bits[26]} {i:/WORK/IMSIC/u_core/g_intfile[3].u_intFile/toCSR_rdata_bits[26]}}
{{r:/WORK/IMSIC/intFile_3/toCSR_rdata_bits[27]} {i:/WORK/IMSIC/u_core/g_intfile[3].u_intFile/toCSR_rdata_bits[27]}}
{{r:/WORK/IMSIC/intFile_3/toCSR_rdata_bits[28]} {i:/WORK/IMSIC/u_core/g_intfile[3].u_intFile/toCSR_rdata_bits[28]}}
{{r:/WORK/IMSIC/intFile_3/toCSR_rdata_bits[29]} {i:/WORK/IMSIC/u_core/g_intfile[3].u_intFile/toCSR_rdata_bits[29]}}
{{r:/WORK/IMSIC/intFile_3/toCSR_rdata_bits[2]} {i:/WORK/IMSIC/u_core/g_intfile[3].u_intFile/toCSR_rdata_bits[2]}}
{{r:/WORK/IMSIC/intFile_3/toCSR_rdata_bits[30]} {i:/WORK/IMSIC/u_core/g_intfile[3].u_intFile/toCSR_rdata_bits[30]}}
{{r:/WORK/IMSIC/intFile_3/toCSR_rdata_bits[31]} {i:/WORK/IMSIC/u_core/g_intfile[3].u_intFile/toCSR_rdata_bits[31]}}
{{r:/WORK/IMSIC/intFile_3/toCSR_rdata_bits[32]} {i:/WORK/IMSIC/u_core/g_intfile[3].u_intFile/toCSR_rdata_bits[32]}}
{{r:/WORK/IMSIC/intFile_3/toCSR_rdata_bits[33]} {i:/WORK/IMSIC/u_core/g_intfile[3].u_intFile/toCSR_rdata_bits[33]}}
{{r:/WORK/IMSIC/intFile_3/toCSR_rdata_bits[34]} {i:/WORK/IMSIC/u_core/g_intfile[3].u_intFile/toCSR_rdata_bits[34]}}
{{r:/WORK/IMSIC/intFile_3/toCSR_rdata_bits[35]} {i:/WORK/IMSIC/u_core/g_intfile[3].u_intFile/toCSR_rdata_bits[35]}}
{{r:/WORK/IMSIC/intFile_3/toCSR_rdata_bits[36]} {i:/WORK/IMSIC/u_core/g_intfile[3].u_intFile/toCSR_rdata_bits[36]}}
{{r:/WORK/IMSIC/intFile_3/toCSR_rdata_bits[37]} {i:/WORK/IMSIC/u_core/g_intfile[3].u_intFile/toCSR_rdata_bits[37]}}
{{r:/WORK/IMSIC/intFile_3/toCSR_rdata_bits[38]} {i:/WORK/IMSIC/u_core/g_intfile[3].u_intFile/toCSR_rdata_bits[38]}}
{{r:/WORK/IMSIC/intFile_3/toCSR_rdata_bits[39]} {i:/WORK/IMSIC/u_core/g_intfile[3].u_intFile/toCSR_rdata_bits[39]}}
{{r:/WORK/IMSIC/intFile_3/toCSR_rdata_bits[3]} {i:/WORK/IMSIC/u_core/g_intfile[3].u_intFile/toCSR_rdata_bits[3]}}
{{r:/WORK/IMSIC/intFile_3/toCSR_rdata_bits[40]} {i:/WORK/IMSIC/u_core/g_intfile[3].u_intFile/toCSR_rdata_bits[40]}}
{{r:/WORK/IMSIC/intFile_3/toCSR_rdata_bits[41]} {i:/WORK/IMSIC/u_core/g_intfile[3].u_intFile/toCSR_rdata_bits[41]}}
{{r:/WORK/IMSIC/intFile_3/toCSR_rdata_bits[42]} {i:/WORK/IMSIC/u_core/g_intfile[3].u_intFile/toCSR_rdata_bits[42]}}
{{r:/WORK/IMSIC/intFile_3/toCSR_rdata_bits[43]} {i:/WORK/IMSIC/u_core/g_intfile[3].u_intFile/toCSR_rdata_bits[43]}}
{{r:/WORK/IMSIC/intFile_3/toCSR_rdata_bits[44]} {i:/WORK/IMSIC/u_core/g_intfile[3].u_intFile/toCSR_rdata_bits[44]}}
{{r:/WORK/IMSIC/intFile_3/toCSR_rdata_bits[45]} {i:/WORK/IMSIC/u_core/g_intfile[3].u_intFile/toCSR_rdata_bits[45]}}
{{r:/WORK/IMSIC/intFile_3/toCSR_rdata_bits[46]} {i:/WORK/IMSIC/u_core/g_intfile[3].u_intFile/toCSR_rdata_bits[46]}}
{{r:/WORK/IMSIC/intFile_3/toCSR_rdata_bits[47]} {i:/WORK/IMSIC/u_core/g_intfile[3].u_intFile/toCSR_rdata_bits[47]}}
{{r:/WORK/IMSIC/intFile_3/toCSR_rdata_bits[48]} {i:/WORK/IMSIC/u_core/g_intfile[3].u_intFile/toCSR_rdata_bits[48]}}
{{r:/WORK/IMSIC/intFile_3/toCSR_rdata_bits[49]} {i:/WORK/IMSIC/u_core/g_intfile[3].u_intFile/toCSR_rdata_bits[49]}}
{{r:/WORK/IMSIC/intFile_3/toCSR_rdata_bits[4]} {i:/WORK/IMSIC/u_core/g_intfile[3].u_intFile/toCSR_rdata_bits[4]}}
{{r:/WORK/IMSIC/intFile_3/toCSR_rdata_bits[50]} {i:/WORK/IMSIC/u_core/g_intfile[3].u_intFile/toCSR_rdata_bits[50]}}
{{r:/WORK/IMSIC/intFile_3/toCSR_rdata_bits[51]} {i:/WORK/IMSIC/u_core/g_intfile[3].u_intFile/toCSR_rdata_bits[51]}}
{{r:/WORK/IMSIC/intFile_3/toCSR_rdata_bits[52]} {i:/WORK/IMSIC/u_core/g_intfile[3].u_intFile/toCSR_rdata_bits[52]}}
{{r:/WORK/IMSIC/intFile_3/toCSR_rdata_bits[53]} {i:/WORK/IMSIC/u_core/g_intfile[3].u_intFile/toCSR_rdata_bits[53]}}
{{r:/WORK/IMSIC/intFile_3/toCSR_rdata_bits[54]} {i:/WORK/IMSIC/u_core/g_intfile[3].u_intFile/toCSR_rdata_bits[54]}}
{{r:/WORK/IMSIC/intFile_3/toCSR_rdata_bits[55]} {i:/WORK/IMSIC/u_core/g_intfile[3].u_intFile/toCSR_rdata_bits[55]}}
{{r:/WORK/IMSIC/intFile_3/toCSR_rdata_bits[56]} {i:/WORK/IMSIC/u_core/g_intfile[3].u_intFile/toCSR_rdata_bits[56]}}
{{r:/WORK/IMSIC/intFile_3/toCSR_rdata_bits[57]} {i:/WORK/IMSIC/u_core/g_intfile[3].u_intFile/toCSR_rdata_bits[57]}}
{{r:/WORK/IMSIC/intFile_3/toCSR_rdata_bits[58]} {i:/WORK/IMSIC/u_core/g_intfile[3].u_intFile/toCSR_rdata_bits[58]}}
{{r:/WORK/IMSIC/intFile_3/toCSR_rdata_bits[59]} {i:/WORK/IMSIC/u_core/g_intfile[3].u_intFile/toCSR_rdata_bits[59]}}
{{r:/WORK/IMSIC/intFile_3/toCSR_rdata_bits[5]} {i:/WORK/IMSIC/u_core/g_intfile[3].u_intFile/toCSR_rdata_bits[5]}}
{{r:/WORK/IMSIC/intFile_3/toCSR_rdata_bits[60]} {i:/WORK/IMSIC/u_core/g_intfile[3].u_intFile/toCSR_rdata_bits[60]}}
{{r:/WORK/IMSIC/intFile_3/toCSR_rdata_bits[61]} {i:/WORK/IMSIC/u_core/g_intfile[3].u_intFile/toCSR_rdata_bits[61]}}
{{r:/WORK/IMSIC/intFile_3/toCSR_rdata_bits[62]} {i:/WORK/IMSIC/u_core/g_intfile[3].u_intFile/toCSR_rdata_bits[62]}}
{{r:/WORK/IMSIC/intFile_3/toCSR_rdata_bits[63]} {i:/WORK/IMSIC/u_core/g_intfile[3].u_intFile/toCSR_rdata_bits[63]}}
{{r:/WORK/IMSIC/intFile_3/toCSR_rdata_bits[6]} {i:/WORK/IMSIC/u_core/g_intfile[3].u_intFile/toCSR_rdata_bits[6]}}
{{r:/WORK/IMSIC/intFile_3/toCSR_rdata_bits[7]} {i:/WORK/IMSIC/u_core/g_intfile[3].u_intFile/toCSR_rdata_bits[7]}}
{{r:/WORK/IMSIC/intFile_3/toCSR_rdata_bits[8]} {i:/WORK/IMSIC/u_core/g_intfile[3].u_intFile/toCSR_rdata_bits[8]}}
{{r:/WORK/IMSIC/intFile_3/toCSR_rdata_bits[9]} {i:/WORK/IMSIC/u_core/g_intfile[3].u_intFile/toCSR_rdata_bits[9]}}
{r:/WORK/IMSIC/intFile_3/toCSR_rdata_valid {i:/WORK/IMSIC/u_core/g_intfile[3].u_intFile/toCSR_rdata_valid}}
{{r:/WORK/IMSIC/intFile_3/toCSR_topei[0]} {i:/WORK/IMSIC/u_core/g_intfile[3].u_intFile/toCSR_topei[0]}}
{{r:/WORK/IMSIC/intFile_3/toCSR_topei[1]} {i:/WORK/IMSIC/u_core/g_intfile[3].u_intFile/toCSR_topei[1]}}
{{r:/WORK/IMSIC/intFile_3/toCSR_topei[2]} {i:/WORK/IMSIC/u_core/g_intfile[3].u_intFile/toCSR_topei[2]}}
{{r:/WORK/IMSIC/intFile_3/toCSR_topei[3]} {i:/WORK/IMSIC/u_core/g_intfile[3].u_intFile/toCSR_topei[3]}}
{{r:/WORK/IMSIC/intFile_3/toCSR_topei[4]} {i:/WORK/IMSIC/u_core/g_intfile[3].u_intFile/toCSR_topei[4]}}
{{r:/WORK/IMSIC/intFile_3/toCSR_topei[5]} {i:/WORK/IMSIC/u_core/g_intfile[3].u_intFile/toCSR_topei[5]}}
{{r:/WORK/IMSIC/intFile_3/toCSR_topei[6]} {i:/WORK/IMSIC/u_core/g_intfile[3].u_intFile/toCSR_topei[6]}}
{{r:/WORK/IMSIC/intFile_3/toCSR_topei[7]} {i:/WORK/IMSIC/u_core/g_intfile[3].u_intFile/toCSR_topei[7]}}
{{r:/WORK/IMSIC/intFile_4/fromCSR_seteipnum_bits[0]} {i:/WORK/IMSIC/u_core/g_intfile[4].u_intFile/fromCSR_seteipnum_bits[0]}}
{{r:/WORK/IMSIC/intFile_4/fromCSR_seteipnum_bits[1]} {i:/WORK/IMSIC/u_core/g_intfile[4].u_intFile/fromCSR_seteipnum_bits[1]}}
{{r:/WORK/IMSIC/intFile_4/fromCSR_seteipnum_bits[2]} {i:/WORK/IMSIC/u_core/g_intfile[4].u_intFile/fromCSR_seteipnum_bits[2]}}
{{r:/WORK/IMSIC/intFile_4/fromCSR_seteipnum_bits[3]} {i:/WORK/IMSIC/u_core/g_intfile[4].u_intFile/fromCSR_seteipnum_bits[3]}}
{{r:/WORK/IMSIC/intFile_4/fromCSR_seteipnum_bits[4]} {i:/WORK/IMSIC/u_core/g_intfile[4].u_intFile/fromCSR_seteipnum_bits[4]}}
{{r:/WORK/IMSIC/intFile_4/fromCSR_seteipnum_bits[5]} {i:/WORK/IMSIC/u_core/g_intfile[4].u_intFile/fromCSR_seteipnum_bits[5]}}
{{r:/WORK/IMSIC/intFile_4/fromCSR_seteipnum_bits[6]} {i:/WORK/IMSIC/u_core/g_intfile[4].u_intFile/fromCSR_seteipnum_bits[6]}}
{{r:/WORK/IMSIC/intFile_4/fromCSR_seteipnum_bits[7]} {i:/WORK/IMSIC/u_core/g_intfile[4].u_intFile/fromCSR_seteipnum_bits[7]}}
{r:/WORK/IMSIC/intFile_4/toCSR_illegal {i:/WORK/IMSIC/u_core/g_intfile[4].u_intFile/toCSR_illegal}}
{r:/WORK/IMSIC/intFile_4/toCSR_pending {i:/WORK/IMSIC/u_core/g_intfile[4].u_intFile/toCSR_pending}}
{{r:/WORK/IMSIC/intFile_4/toCSR_rdata_bits[0]} {i:/WORK/IMSIC/u_core/g_intfile[4].u_intFile/toCSR_rdata_bits[0]}}
{{r:/WORK/IMSIC/intFile_4/toCSR_rdata_bits[10]} {i:/WORK/IMSIC/u_core/g_intfile[4].u_intFile/toCSR_rdata_bits[10]}}
{{r:/WORK/IMSIC/intFile_4/toCSR_rdata_bits[11]} {i:/WORK/IMSIC/u_core/g_intfile[4].u_intFile/toCSR_rdata_bits[11]}}
{{r:/WORK/IMSIC/intFile_4/toCSR_rdata_bits[12]} {i:/WORK/IMSIC/u_core/g_intfile[4].u_intFile/toCSR_rdata_bits[12]}}
{{r:/WORK/IMSIC/intFile_4/toCSR_rdata_bits[13]} {i:/WORK/IMSIC/u_core/g_intfile[4].u_intFile/toCSR_rdata_bits[13]}}
{{r:/WORK/IMSIC/intFile_4/toCSR_rdata_bits[14]} {i:/WORK/IMSIC/u_core/g_intfile[4].u_intFile/toCSR_rdata_bits[14]}}
{{r:/WORK/IMSIC/intFile_4/toCSR_rdata_bits[15]} {i:/WORK/IMSIC/u_core/g_intfile[4].u_intFile/toCSR_rdata_bits[15]}}
{{r:/WORK/IMSIC/intFile_4/toCSR_rdata_bits[16]} {i:/WORK/IMSIC/u_core/g_intfile[4].u_intFile/toCSR_rdata_bits[16]}}
{{r:/WORK/IMSIC/intFile_4/toCSR_rdata_bits[17]} {i:/WORK/IMSIC/u_core/g_intfile[4].u_intFile/toCSR_rdata_bits[17]}}
{{r:/WORK/IMSIC/intFile_4/toCSR_rdata_bits[18]} {i:/WORK/IMSIC/u_core/g_intfile[4].u_intFile/toCSR_rdata_bits[18]}}
{{r:/WORK/IMSIC/intFile_4/toCSR_rdata_bits[19]} {i:/WORK/IMSIC/u_core/g_intfile[4].u_intFile/toCSR_rdata_bits[19]}}
{{r:/WORK/IMSIC/intFile_4/toCSR_rdata_bits[1]} {i:/WORK/IMSIC/u_core/g_intfile[4].u_intFile/toCSR_rdata_bits[1]}}
{{r:/WORK/IMSIC/intFile_4/toCSR_rdata_bits[20]} {i:/WORK/IMSIC/u_core/g_intfile[4].u_intFile/toCSR_rdata_bits[20]}}
{{r:/WORK/IMSIC/intFile_4/toCSR_rdata_bits[21]} {i:/WORK/IMSIC/u_core/g_intfile[4].u_intFile/toCSR_rdata_bits[21]}}
{{r:/WORK/IMSIC/intFile_4/toCSR_rdata_bits[22]} {i:/WORK/IMSIC/u_core/g_intfile[4].u_intFile/toCSR_rdata_bits[22]}}
{{r:/WORK/IMSIC/intFile_4/toCSR_rdata_bits[23]} {i:/WORK/IMSIC/u_core/g_intfile[4].u_intFile/toCSR_rdata_bits[23]}}
{{r:/WORK/IMSIC/intFile_4/toCSR_rdata_bits[24]} {i:/WORK/IMSIC/u_core/g_intfile[4].u_intFile/toCSR_rdata_bits[24]}}
{{r:/WORK/IMSIC/intFile_4/toCSR_rdata_bits[25]} {i:/WORK/IMSIC/u_core/g_intfile[4].u_intFile/toCSR_rdata_bits[25]}}
{{r:/WORK/IMSIC/intFile_4/toCSR_rdata_bits[26]} {i:/WORK/IMSIC/u_core/g_intfile[4].u_intFile/toCSR_rdata_bits[26]}}
{{r:/WORK/IMSIC/intFile_4/toCSR_rdata_bits[27]} {i:/WORK/IMSIC/u_core/g_intfile[4].u_intFile/toCSR_rdata_bits[27]}}
{{r:/WORK/IMSIC/intFile_4/toCSR_rdata_bits[28]} {i:/WORK/IMSIC/u_core/g_intfile[4].u_intFile/toCSR_rdata_bits[28]}}
{{r:/WORK/IMSIC/intFile_4/toCSR_rdata_bits[29]} {i:/WORK/IMSIC/u_core/g_intfile[4].u_intFile/toCSR_rdata_bits[29]}}
{{r:/WORK/IMSIC/intFile_4/toCSR_rdata_bits[2]} {i:/WORK/IMSIC/u_core/g_intfile[4].u_intFile/toCSR_rdata_bits[2]}}
{{r:/WORK/IMSIC/intFile_4/toCSR_rdata_bits[30]} {i:/WORK/IMSIC/u_core/g_intfile[4].u_intFile/toCSR_rdata_bits[30]}}
{{r:/WORK/IMSIC/intFile_4/toCSR_rdata_bits[31]} {i:/WORK/IMSIC/u_core/g_intfile[4].u_intFile/toCSR_rdata_bits[31]}}
{{r:/WORK/IMSIC/intFile_4/toCSR_rdata_bits[32]} {i:/WORK/IMSIC/u_core/g_intfile[4].u_intFile/toCSR_rdata_bits[32]}}
{{r:/WORK/IMSIC/intFile_4/toCSR_rdata_bits[33]} {i:/WORK/IMSIC/u_core/g_intfile[4].u_intFile/toCSR_rdata_bits[33]}}
{{r:/WORK/IMSIC/intFile_4/toCSR_rdata_bits[34]} {i:/WORK/IMSIC/u_core/g_intfile[4].u_intFile/toCSR_rdata_bits[34]}}
{{r:/WORK/IMSIC/intFile_4/toCSR_rdata_bits[35]} {i:/WORK/IMSIC/u_core/g_intfile[4].u_intFile/toCSR_rdata_bits[35]}}
{{r:/WORK/IMSIC/intFile_4/toCSR_rdata_bits[36]} {i:/WORK/IMSIC/u_core/g_intfile[4].u_intFile/toCSR_rdata_bits[36]}}
{{r:/WORK/IMSIC/intFile_4/toCSR_rdata_bits[37]} {i:/WORK/IMSIC/u_core/g_intfile[4].u_intFile/toCSR_rdata_bits[37]}}
{{r:/WORK/IMSIC/intFile_4/toCSR_rdata_bits[38]} {i:/WORK/IMSIC/u_core/g_intfile[4].u_intFile/toCSR_rdata_bits[38]}}
{{r:/WORK/IMSIC/intFile_4/toCSR_rdata_bits[39]} {i:/WORK/IMSIC/u_core/g_intfile[4].u_intFile/toCSR_rdata_bits[39]}}
{{r:/WORK/IMSIC/intFile_4/toCSR_rdata_bits[3]} {i:/WORK/IMSIC/u_core/g_intfile[4].u_intFile/toCSR_rdata_bits[3]}}
{{r:/WORK/IMSIC/intFile_4/toCSR_rdata_bits[40]} {i:/WORK/IMSIC/u_core/g_intfile[4].u_intFile/toCSR_rdata_bits[40]}}
{{r:/WORK/IMSIC/intFile_4/toCSR_rdata_bits[41]} {i:/WORK/IMSIC/u_core/g_intfile[4].u_intFile/toCSR_rdata_bits[41]}}
{{r:/WORK/IMSIC/intFile_4/toCSR_rdata_bits[42]} {i:/WORK/IMSIC/u_core/g_intfile[4].u_intFile/toCSR_rdata_bits[42]}}
{{r:/WORK/IMSIC/intFile_4/toCSR_rdata_bits[43]} {i:/WORK/IMSIC/u_core/g_intfile[4].u_intFile/toCSR_rdata_bits[43]}}
{{r:/WORK/IMSIC/intFile_4/toCSR_rdata_bits[44]} {i:/WORK/IMSIC/u_core/g_intfile[4].u_intFile/toCSR_rdata_bits[44]}}
{{r:/WORK/IMSIC/intFile_4/toCSR_rdata_bits[45]} {i:/WORK/IMSIC/u_core/g_intfile[4].u_intFile/toCSR_rdata_bits[45]}}
{{r:/WORK/IMSIC/intFile_4/toCSR_rdata_bits[46]} {i:/WORK/IMSIC/u_core/g_intfile[4].u_intFile/toCSR_rdata_bits[46]}}
{{r:/WORK/IMSIC/intFile_4/toCSR_rdata_bits[47]} {i:/WORK/IMSIC/u_core/g_intfile[4].u_intFile/toCSR_rdata_bits[47]}}
{{r:/WORK/IMSIC/intFile_4/toCSR_rdata_bits[48]} {i:/WORK/IMSIC/u_core/g_intfile[4].u_intFile/toCSR_rdata_bits[48]}}
{{r:/WORK/IMSIC/intFile_4/toCSR_rdata_bits[49]} {i:/WORK/IMSIC/u_core/g_intfile[4].u_intFile/toCSR_rdata_bits[49]}}
{{r:/WORK/IMSIC/intFile_4/toCSR_rdata_bits[4]} {i:/WORK/IMSIC/u_core/g_intfile[4].u_intFile/toCSR_rdata_bits[4]}}
{{r:/WORK/IMSIC/intFile_4/toCSR_rdata_bits[50]} {i:/WORK/IMSIC/u_core/g_intfile[4].u_intFile/toCSR_rdata_bits[50]}}
{{r:/WORK/IMSIC/intFile_4/toCSR_rdata_bits[51]} {i:/WORK/IMSIC/u_core/g_intfile[4].u_intFile/toCSR_rdata_bits[51]}}
{{r:/WORK/IMSIC/intFile_4/toCSR_rdata_bits[52]} {i:/WORK/IMSIC/u_core/g_intfile[4].u_intFile/toCSR_rdata_bits[52]}}
{{r:/WORK/IMSIC/intFile_4/toCSR_rdata_bits[53]} {i:/WORK/IMSIC/u_core/g_intfile[4].u_intFile/toCSR_rdata_bits[53]}}
{{r:/WORK/IMSIC/intFile_4/toCSR_rdata_bits[54]} {i:/WORK/IMSIC/u_core/g_intfile[4].u_intFile/toCSR_rdata_bits[54]}}
{{r:/WORK/IMSIC/intFile_4/toCSR_rdata_bits[55]} {i:/WORK/IMSIC/u_core/g_intfile[4].u_intFile/toCSR_rdata_bits[55]}}
{{r:/WORK/IMSIC/intFile_4/toCSR_rdata_bits[56]} {i:/WORK/IMSIC/u_core/g_intfile[4].u_intFile/toCSR_rdata_bits[56]}}
{{r:/WORK/IMSIC/intFile_4/toCSR_rdata_bits[57]} {i:/WORK/IMSIC/u_core/g_intfile[4].u_intFile/toCSR_rdata_bits[57]}}
{{r:/WORK/IMSIC/intFile_4/toCSR_rdata_bits[58]} {i:/WORK/IMSIC/u_core/g_intfile[4].u_intFile/toCSR_rdata_bits[58]}}
{{r:/WORK/IMSIC/intFile_4/toCSR_rdata_bits[59]} {i:/WORK/IMSIC/u_core/g_intfile[4].u_intFile/toCSR_rdata_bits[59]}}
{{r:/WORK/IMSIC/intFile_4/toCSR_rdata_bits[5]} {i:/WORK/IMSIC/u_core/g_intfile[4].u_intFile/toCSR_rdata_bits[5]}}
{{r:/WORK/IMSIC/intFile_4/toCSR_rdata_bits[60]} {i:/WORK/IMSIC/u_core/g_intfile[4].u_intFile/toCSR_rdata_bits[60]}}
{{r:/WORK/IMSIC/intFile_4/toCSR_rdata_bits[61]} {i:/WORK/IMSIC/u_core/g_intfile[4].u_intFile/toCSR_rdata_bits[61]}}
{{r:/WORK/IMSIC/intFile_4/toCSR_rdata_bits[62]} {i:/WORK/IMSIC/u_core/g_intfile[4].u_intFile/toCSR_rdata_bits[62]}}
{{r:/WORK/IMSIC/intFile_4/toCSR_rdata_bits[63]} {i:/WORK/IMSIC/u_core/g_intfile[4].u_intFile/toCSR_rdata_bits[63]}}
{{r:/WORK/IMSIC/intFile_4/toCSR_rdata_bits[6]} {i:/WORK/IMSIC/u_core/g_intfile[4].u_intFile/toCSR_rdata_bits[6]}}
{{r:/WORK/IMSIC/intFile_4/toCSR_rdata_bits[7]} {i:/WORK/IMSIC/u_core/g_intfile[4].u_intFile/toCSR_rdata_bits[7]}}
{{r:/WORK/IMSIC/intFile_4/toCSR_rdata_bits[8]} {i:/WORK/IMSIC/u_core/g_intfile[4].u_intFile/toCSR_rdata_bits[8]}}
{{r:/WORK/IMSIC/intFile_4/toCSR_rdata_bits[9]} {i:/WORK/IMSIC/u_core/g_intfile[4].u_intFile/toCSR_rdata_bits[9]}}
{r:/WORK/IMSIC/intFile_4/toCSR_rdata_valid {i:/WORK/IMSIC/u_core/g_intfile[4].u_intFile/toCSR_rdata_valid}}
{{r:/WORK/IMSIC/intFile_4/toCSR_topei[0]} {i:/WORK/IMSIC/u_core/g_intfile[4].u_intFile/toCSR_topei[0]}}
{{r:/WORK/IMSIC/intFile_4/toCSR_topei[1]} {i:/WORK/IMSIC/u_core/g_intfile[4].u_intFile/toCSR_topei[1]}}
{{r:/WORK/IMSIC/intFile_4/toCSR_topei[2]} {i:/WORK/IMSIC/u_core/g_intfile[4].u_intFile/toCSR_topei[2]}}
{{r:/WORK/IMSIC/intFile_4/toCSR_topei[3]} {i:/WORK/IMSIC/u_core/g_intfile[4].u_intFile/toCSR_topei[3]}}
{{r:/WORK/IMSIC/intFile_4/toCSR_topei[4]} {i:/WORK/IMSIC/u_core/g_intfile[4].u_intFile/toCSR_topei[4]}}
{{r:/WORK/IMSIC/intFile_4/toCSR_topei[5]} {i:/WORK/IMSIC/u_core/g_intfile[4].u_intFile/toCSR_topei[5]}}
{{r:/WORK/IMSIC/intFile_4/toCSR_topei[6]} {i:/WORK/IMSIC/u_core/g_intfile[4].u_intFile/toCSR_topei[6]}}
{{r:/WORK/IMSIC/intFile_4/toCSR_topei[7]} {i:/WORK/IMSIC/u_core/g_intfile[4].u_intFile/toCSR_topei[7]}}
{{r:/WORK/IMSIC/intFile_5/fromCSR_seteipnum_bits[0]} {i:/WORK/IMSIC/u_core/g_intfile[5].u_intFile/fromCSR_seteipnum_bits[0]}}
{{r:/WORK/IMSIC/intFile_5/fromCSR_seteipnum_bits[1]} {i:/WORK/IMSIC/u_core/g_intfile[5].u_intFile/fromCSR_seteipnum_bits[1]}}
{{r:/WORK/IMSIC/intFile_5/fromCSR_seteipnum_bits[2]} {i:/WORK/IMSIC/u_core/g_intfile[5].u_intFile/fromCSR_seteipnum_bits[2]}}
{{r:/WORK/IMSIC/intFile_5/fromCSR_seteipnum_bits[3]} {i:/WORK/IMSIC/u_core/g_intfile[5].u_intFile/fromCSR_seteipnum_bits[3]}}
{{r:/WORK/IMSIC/intFile_5/fromCSR_seteipnum_bits[4]} {i:/WORK/IMSIC/u_core/g_intfile[5].u_intFile/fromCSR_seteipnum_bits[4]}}
{{r:/WORK/IMSIC/intFile_5/fromCSR_seteipnum_bits[5]} {i:/WORK/IMSIC/u_core/g_intfile[5].u_intFile/fromCSR_seteipnum_bits[5]}}
{{r:/WORK/IMSIC/intFile_5/fromCSR_seteipnum_bits[6]} {i:/WORK/IMSIC/u_core/g_intfile[5].u_intFile/fromCSR_seteipnum_bits[6]}}
{{r:/WORK/IMSIC/intFile_5/fromCSR_seteipnum_bits[7]} {i:/WORK/IMSIC/u_core/g_intfile[5].u_intFile/fromCSR_seteipnum_bits[7]}}
{r:/WORK/IMSIC/intFile_5/toCSR_illegal {i:/WORK/IMSIC/u_core/g_intfile[5].u_intFile/toCSR_illegal}}
{r:/WORK/IMSIC/intFile_5/toCSR_pending {i:/WORK/IMSIC/u_core/g_intfile[5].u_intFile/toCSR_pending}}
{{r:/WORK/IMSIC/intFile_5/toCSR_rdata_bits[0]} {i:/WORK/IMSIC/u_core/g_intfile[5].u_intFile/toCSR_rdata_bits[0]}}
{{r:/WORK/IMSIC/intFile_5/toCSR_rdata_bits[10]} {i:/WORK/IMSIC/u_core/g_intfile[5].u_intFile/toCSR_rdata_bits[10]}}
{{r:/WORK/IMSIC/intFile_5/toCSR_rdata_bits[11]} {i:/WORK/IMSIC/u_core/g_intfile[5].u_intFile/toCSR_rdata_bits[11]}}
{{r:/WORK/IMSIC/intFile_5/toCSR_rdata_bits[12]} {i:/WORK/IMSIC/u_core/g_intfile[5].u_intFile/toCSR_rdata_bits[12]}}
{{r:/WORK/IMSIC/intFile_5/toCSR_rdata_bits[13]} {i:/WORK/IMSIC/u_core/g_intfile[5].u_intFile/toCSR_rdata_bits[13]}}
{{r:/WORK/IMSIC/intFile_5/toCSR_rdata_bits[14]} {i:/WORK/IMSIC/u_core/g_intfile[5].u_intFile/toCSR_rdata_bits[14]}}
{{r:/WORK/IMSIC/intFile_5/toCSR_rdata_bits[15]} {i:/WORK/IMSIC/u_core/g_intfile[5].u_intFile/toCSR_rdata_bits[15]}}
{{r:/WORK/IMSIC/intFile_5/toCSR_rdata_bits[16]} {i:/WORK/IMSIC/u_core/g_intfile[5].u_intFile/toCSR_rdata_bits[16]}}
{{r:/WORK/IMSIC/intFile_5/toCSR_rdata_bits[17]} {i:/WORK/IMSIC/u_core/g_intfile[5].u_intFile/toCSR_rdata_bits[17]}}
{{r:/WORK/IMSIC/intFile_5/toCSR_rdata_bits[18]} {i:/WORK/IMSIC/u_core/g_intfile[5].u_intFile/toCSR_rdata_bits[18]}}
{{r:/WORK/IMSIC/intFile_5/toCSR_rdata_bits[19]} {i:/WORK/IMSIC/u_core/g_intfile[5].u_intFile/toCSR_rdata_bits[19]}}
{{r:/WORK/IMSIC/intFile_5/toCSR_rdata_bits[1]} {i:/WORK/IMSIC/u_core/g_intfile[5].u_intFile/toCSR_rdata_bits[1]}}
{{r:/WORK/IMSIC/intFile_5/toCSR_rdata_bits[20]} {i:/WORK/IMSIC/u_core/g_intfile[5].u_intFile/toCSR_rdata_bits[20]}}
{{r:/WORK/IMSIC/intFile_5/toCSR_rdata_bits[21]} {i:/WORK/IMSIC/u_core/g_intfile[5].u_intFile/toCSR_rdata_bits[21]}}
{{r:/WORK/IMSIC/intFile_5/toCSR_rdata_bits[22]} {i:/WORK/IMSIC/u_core/g_intfile[5].u_intFile/toCSR_rdata_bits[22]}}
{{r:/WORK/IMSIC/intFile_5/toCSR_rdata_bits[23]} {i:/WORK/IMSIC/u_core/g_intfile[5].u_intFile/toCSR_rdata_bits[23]}}
{{r:/WORK/IMSIC/intFile_5/toCSR_rdata_bits[24]} {i:/WORK/IMSIC/u_core/g_intfile[5].u_intFile/toCSR_rdata_bits[24]}}
{{r:/WORK/IMSIC/intFile_5/toCSR_rdata_bits[25]} {i:/WORK/IMSIC/u_core/g_intfile[5].u_intFile/toCSR_rdata_bits[25]}}
{{r:/WORK/IMSIC/intFile_5/toCSR_rdata_bits[26]} {i:/WORK/IMSIC/u_core/g_intfile[5].u_intFile/toCSR_rdata_bits[26]}}
{{r:/WORK/IMSIC/intFile_5/toCSR_rdata_bits[27]} {i:/WORK/IMSIC/u_core/g_intfile[5].u_intFile/toCSR_rdata_bits[27]}}
{{r:/WORK/IMSIC/intFile_5/toCSR_rdata_bits[28]} {i:/WORK/IMSIC/u_core/g_intfile[5].u_intFile/toCSR_rdata_bits[28]}}
{{r:/WORK/IMSIC/intFile_5/toCSR_rdata_bits[29]} {i:/WORK/IMSIC/u_core/g_intfile[5].u_intFile/toCSR_rdata_bits[29]}}
{{r:/WORK/IMSIC/intFile_5/toCSR_rdata_bits[2]} {i:/WORK/IMSIC/u_core/g_intfile[5].u_intFile/toCSR_rdata_bits[2]}}
{{r:/WORK/IMSIC/intFile_5/toCSR_rdata_bits[30]} {i:/WORK/IMSIC/u_core/g_intfile[5].u_intFile/toCSR_rdata_bits[30]}}
{{r:/WORK/IMSIC/intFile_5/toCSR_rdata_bits[31]} {i:/WORK/IMSIC/u_core/g_intfile[5].u_intFile/toCSR_rdata_bits[31]}}
{{r:/WORK/IMSIC/intFile_5/toCSR_rdata_bits[32]} {i:/WORK/IMSIC/u_core/g_intfile[5].u_intFile/toCSR_rdata_bits[32]}}
{{r:/WORK/IMSIC/intFile_5/toCSR_rdata_bits[33]} {i:/WORK/IMSIC/u_core/g_intfile[5].u_intFile/toCSR_rdata_bits[33]}}
{{r:/WORK/IMSIC/intFile_5/toCSR_rdata_bits[34]} {i:/WORK/IMSIC/u_core/g_intfile[5].u_intFile/toCSR_rdata_bits[34]}}
{{r:/WORK/IMSIC/intFile_5/toCSR_rdata_bits[35]} {i:/WORK/IMSIC/u_core/g_intfile[5].u_intFile/toCSR_rdata_bits[35]}}
{{r:/WORK/IMSIC/intFile_5/toCSR_rdata_bits[36]} {i:/WORK/IMSIC/u_core/g_intfile[5].u_intFile/toCSR_rdata_bits[36]}}
{{r:/WORK/IMSIC/intFile_5/toCSR_rdata_bits[37]} {i:/WORK/IMSIC/u_core/g_intfile[5].u_intFile/toCSR_rdata_bits[37]}}
{{r:/WORK/IMSIC/intFile_5/toCSR_rdata_bits[38]} {i:/WORK/IMSIC/u_core/g_intfile[5].u_intFile/toCSR_rdata_bits[38]}}
{{r:/WORK/IMSIC/intFile_5/toCSR_rdata_bits[39]} {i:/WORK/IMSIC/u_core/g_intfile[5].u_intFile/toCSR_rdata_bits[39]}}
{{r:/WORK/IMSIC/intFile_5/toCSR_rdata_bits[3]} {i:/WORK/IMSIC/u_core/g_intfile[5].u_intFile/toCSR_rdata_bits[3]}}
{{r:/WORK/IMSIC/intFile_5/toCSR_rdata_bits[40]} {i:/WORK/IMSIC/u_core/g_intfile[5].u_intFile/toCSR_rdata_bits[40]}}
{{r:/WORK/IMSIC/intFile_5/toCSR_rdata_bits[41]} {i:/WORK/IMSIC/u_core/g_intfile[5].u_intFile/toCSR_rdata_bits[41]}}
{{r:/WORK/IMSIC/intFile_5/toCSR_rdata_bits[42]} {i:/WORK/IMSIC/u_core/g_intfile[5].u_intFile/toCSR_rdata_bits[42]}}
{{r:/WORK/IMSIC/intFile_5/toCSR_rdata_bits[43]} {i:/WORK/IMSIC/u_core/g_intfile[5].u_intFile/toCSR_rdata_bits[43]}}
{{r:/WORK/IMSIC/intFile_5/toCSR_rdata_bits[44]} {i:/WORK/IMSIC/u_core/g_intfile[5].u_intFile/toCSR_rdata_bits[44]}}
{{r:/WORK/IMSIC/intFile_5/toCSR_rdata_bits[45]} {i:/WORK/IMSIC/u_core/g_intfile[5].u_intFile/toCSR_rdata_bits[45]}}
{{r:/WORK/IMSIC/intFile_5/toCSR_rdata_bits[46]} {i:/WORK/IMSIC/u_core/g_intfile[5].u_intFile/toCSR_rdata_bits[46]}}
{{r:/WORK/IMSIC/intFile_5/toCSR_rdata_bits[47]} {i:/WORK/IMSIC/u_core/g_intfile[5].u_intFile/toCSR_rdata_bits[47]}}
{{r:/WORK/IMSIC/intFile_5/toCSR_rdata_bits[48]} {i:/WORK/IMSIC/u_core/g_intfile[5].u_intFile/toCSR_rdata_bits[48]}}
{{r:/WORK/IMSIC/intFile_5/toCSR_rdata_bits[49]} {i:/WORK/IMSIC/u_core/g_intfile[5].u_intFile/toCSR_rdata_bits[49]}}
{{r:/WORK/IMSIC/intFile_5/toCSR_rdata_bits[4]} {i:/WORK/IMSIC/u_core/g_intfile[5].u_intFile/toCSR_rdata_bits[4]}}
{{r:/WORK/IMSIC/intFile_5/toCSR_rdata_bits[50]} {i:/WORK/IMSIC/u_core/g_intfile[5].u_intFile/toCSR_rdata_bits[50]}}
{{r:/WORK/IMSIC/intFile_5/toCSR_rdata_bits[51]} {i:/WORK/IMSIC/u_core/g_intfile[5].u_intFile/toCSR_rdata_bits[51]}}
{{r:/WORK/IMSIC/intFile_5/toCSR_rdata_bits[52]} {i:/WORK/IMSIC/u_core/g_intfile[5].u_intFile/toCSR_rdata_bits[52]}}
{{r:/WORK/IMSIC/intFile_5/toCSR_rdata_bits[53]} {i:/WORK/IMSIC/u_core/g_intfile[5].u_intFile/toCSR_rdata_bits[53]}}
{{r:/WORK/IMSIC/intFile_5/toCSR_rdata_bits[54]} {i:/WORK/IMSIC/u_core/g_intfile[5].u_intFile/toCSR_rdata_bits[54]}}
{{r:/WORK/IMSIC/intFile_5/toCSR_rdata_bits[55]} {i:/WORK/IMSIC/u_core/g_intfile[5].u_intFile/toCSR_rdata_bits[55]}}
{{r:/WORK/IMSIC/intFile_5/toCSR_rdata_bits[56]} {i:/WORK/IMSIC/u_core/g_intfile[5].u_intFile/toCSR_rdata_bits[56]}}
{{r:/WORK/IMSIC/intFile_5/toCSR_rdata_bits[57]} {i:/WORK/IMSIC/u_core/g_intfile[5].u_intFile/toCSR_rdata_bits[57]}}
{{r:/WORK/IMSIC/intFile_5/toCSR_rdata_bits[58]} {i:/WORK/IMSIC/u_core/g_intfile[5].u_intFile/toCSR_rdata_bits[58]}}
{{r:/WORK/IMSIC/intFile_5/toCSR_rdata_bits[59]} {i:/WORK/IMSIC/u_core/g_intfile[5].u_intFile/toCSR_rdata_bits[59]}}
{{r:/WORK/IMSIC/intFile_5/toCSR_rdata_bits[5]} {i:/WORK/IMSIC/u_core/g_intfile[5].u_intFile/toCSR_rdata_bits[5]}}
{{r:/WORK/IMSIC/intFile_5/toCSR_rdata_bits[60]} {i:/WORK/IMSIC/u_core/g_intfile[5].u_intFile/toCSR_rdata_bits[60]}}
{{r:/WORK/IMSIC/intFile_5/toCSR_rdata_bits[61]} {i:/WORK/IMSIC/u_core/g_intfile[5].u_intFile/toCSR_rdata_bits[61]}}
{{r:/WORK/IMSIC/intFile_5/toCSR_rdata_bits[62]} {i:/WORK/IMSIC/u_core/g_intfile[5].u_intFile/toCSR_rdata_bits[62]}}
{{r:/WORK/IMSIC/intFile_5/toCSR_rdata_bits[63]} {i:/WORK/IMSIC/u_core/g_intfile[5].u_intFile/toCSR_rdata_bits[63]}}
{{r:/WORK/IMSIC/intFile_5/toCSR_rdata_bits[6]} {i:/WORK/IMSIC/u_core/g_intfile[5].u_intFile/toCSR_rdata_bits[6]}}
{{r:/WORK/IMSIC/intFile_5/toCSR_rdata_bits[7]} {i:/WORK/IMSIC/u_core/g_intfile[5].u_intFile/toCSR_rdata_bits[7]}}
{{r:/WORK/IMSIC/intFile_5/toCSR_rdata_bits[8]} {i:/WORK/IMSIC/u_core/g_intfile[5].u_intFile/toCSR_rdata_bits[8]}}
{{r:/WORK/IMSIC/intFile_5/toCSR_rdata_bits[9]} {i:/WORK/IMSIC/u_core/g_intfile[5].u_intFile/toCSR_rdata_bits[9]}}
{r:/WORK/IMSIC/intFile_5/toCSR_rdata_valid {i:/WORK/IMSIC/u_core/g_intfile[5].u_intFile/toCSR_rdata_valid}}
{{r:/WORK/IMSIC/intFile_5/toCSR_topei[0]} {i:/WORK/IMSIC/u_core/g_intfile[5].u_intFile/toCSR_topei[0]}}
{{r:/WORK/IMSIC/intFile_5/toCSR_topei[1]} {i:/WORK/IMSIC/u_core/g_intfile[5].u_intFile/toCSR_topei[1]}}
{{r:/WORK/IMSIC/intFile_5/toCSR_topei[2]} {i:/WORK/IMSIC/u_core/g_intfile[5].u_intFile/toCSR_topei[2]}}
{{r:/WORK/IMSIC/intFile_5/toCSR_topei[3]} {i:/WORK/IMSIC/u_core/g_intfile[5].u_intFile/toCSR_topei[3]}}
{{r:/WORK/IMSIC/intFile_5/toCSR_topei[4]} {i:/WORK/IMSIC/u_core/g_intfile[5].u_intFile/toCSR_topei[4]}}
{{r:/WORK/IMSIC/intFile_5/toCSR_topei[5]} {i:/WORK/IMSIC/u_core/g_intfile[5].u_intFile/toCSR_topei[5]}}
{{r:/WORK/IMSIC/intFile_5/toCSR_topei[6]} {i:/WORK/IMSIC/u_core/g_intfile[5].u_intFile/toCSR_topei[6]}}
{{r:/WORK/IMSIC/intFile_5/toCSR_topei[7]} {i:/WORK/IMSIC/u_core/g_intfile[5].u_intFile/toCSR_topei[7]}}
{{r:/WORK/IMSIC/intFile_6/fromCSR_seteipnum_bits[0]} {i:/WORK/IMSIC/u_core/g_intfile[6].u_intFile/fromCSR_seteipnum_bits[0]}}
{{r:/WORK/IMSIC/intFile_6/fromCSR_seteipnum_bits[1]} {i:/WORK/IMSIC/u_core/g_intfile[6].u_intFile/fromCSR_seteipnum_bits[1]}}
{{r:/WORK/IMSIC/intFile_6/fromCSR_seteipnum_bits[2]} {i:/WORK/IMSIC/u_core/g_intfile[6].u_intFile/fromCSR_seteipnum_bits[2]}}
{{r:/WORK/IMSIC/intFile_6/fromCSR_seteipnum_bits[3]} {i:/WORK/IMSIC/u_core/g_intfile[6].u_intFile/fromCSR_seteipnum_bits[3]}}
{{r:/WORK/IMSIC/intFile_6/fromCSR_seteipnum_bits[4]} {i:/WORK/IMSIC/u_core/g_intfile[6].u_intFile/fromCSR_seteipnum_bits[4]}}
{{r:/WORK/IMSIC/intFile_6/fromCSR_seteipnum_bits[5]} {i:/WORK/IMSIC/u_core/g_intfile[6].u_intFile/fromCSR_seteipnum_bits[5]}}
{{r:/WORK/IMSIC/intFile_6/fromCSR_seteipnum_bits[6]} {i:/WORK/IMSIC/u_core/g_intfile[6].u_intFile/fromCSR_seteipnum_bits[6]}}
{{r:/WORK/IMSIC/intFile_6/fromCSR_seteipnum_bits[7]} {i:/WORK/IMSIC/u_core/g_intfile[6].u_intFile/fromCSR_seteipnum_bits[7]}}
{r:/WORK/IMSIC/intFile_6/toCSR_illegal {i:/WORK/IMSIC/u_core/g_intfile[6].u_intFile/toCSR_illegal}}
{r:/WORK/IMSIC/intFile_6/toCSR_pending {i:/WORK/IMSIC/u_core/g_intfile[6].u_intFile/toCSR_pending}}
{{r:/WORK/IMSIC/intFile_6/toCSR_rdata_bits[0]} {i:/WORK/IMSIC/u_core/g_intfile[6].u_intFile/toCSR_rdata_bits[0]}}
{{r:/WORK/IMSIC/intFile_6/toCSR_rdata_bits[10]} {i:/WORK/IMSIC/u_core/g_intfile[6].u_intFile/toCSR_rdata_bits[10]}}
{{r:/WORK/IMSIC/intFile_6/toCSR_rdata_bits[11]} {i:/WORK/IMSIC/u_core/g_intfile[6].u_intFile/toCSR_rdata_bits[11]}}
{{r:/WORK/IMSIC/intFile_6/toCSR_rdata_bits[12]} {i:/WORK/IMSIC/u_core/g_intfile[6].u_intFile/toCSR_rdata_bits[12]}}
{{r:/WORK/IMSIC/intFile_6/toCSR_rdata_bits[13]} {i:/WORK/IMSIC/u_core/g_intfile[6].u_intFile/toCSR_rdata_bits[13]}}
{{r:/WORK/IMSIC/intFile_6/toCSR_rdata_bits[14]} {i:/WORK/IMSIC/u_core/g_intfile[6].u_intFile/toCSR_rdata_bits[14]}}
{{r:/WORK/IMSIC/intFile_6/toCSR_rdata_bits[15]} {i:/WORK/IMSIC/u_core/g_intfile[6].u_intFile/toCSR_rdata_bits[15]}}
{{r:/WORK/IMSIC/intFile_6/toCSR_rdata_bits[16]} {i:/WORK/IMSIC/u_core/g_intfile[6].u_intFile/toCSR_rdata_bits[16]}}
{{r:/WORK/IMSIC/intFile_6/toCSR_rdata_bits[17]} {i:/WORK/IMSIC/u_core/g_intfile[6].u_intFile/toCSR_rdata_bits[17]}}
{{r:/WORK/IMSIC/intFile_6/toCSR_rdata_bits[18]} {i:/WORK/IMSIC/u_core/g_intfile[6].u_intFile/toCSR_rdata_bits[18]}}
{{r:/WORK/IMSIC/intFile_6/toCSR_rdata_bits[19]} {i:/WORK/IMSIC/u_core/g_intfile[6].u_intFile/toCSR_rdata_bits[19]}}
{{r:/WORK/IMSIC/intFile_6/toCSR_rdata_bits[1]} {i:/WORK/IMSIC/u_core/g_intfile[6].u_intFile/toCSR_rdata_bits[1]}}
{{r:/WORK/IMSIC/intFile_6/toCSR_rdata_bits[20]} {i:/WORK/IMSIC/u_core/g_intfile[6].u_intFile/toCSR_rdata_bits[20]}}
{{r:/WORK/IMSIC/intFile_6/toCSR_rdata_bits[21]} {i:/WORK/IMSIC/u_core/g_intfile[6].u_intFile/toCSR_rdata_bits[21]}}
{{r:/WORK/IMSIC/intFile_6/toCSR_rdata_bits[22]} {i:/WORK/IMSIC/u_core/g_intfile[6].u_intFile/toCSR_rdata_bits[22]}}
{{r:/WORK/IMSIC/intFile_6/toCSR_rdata_bits[23]} {i:/WORK/IMSIC/u_core/g_intfile[6].u_intFile/toCSR_rdata_bits[23]}}
{{r:/WORK/IMSIC/intFile_6/toCSR_rdata_bits[24]} {i:/WORK/IMSIC/u_core/g_intfile[6].u_intFile/toCSR_rdata_bits[24]}}
{{r:/WORK/IMSIC/intFile_6/toCSR_rdata_bits[25]} {i:/WORK/IMSIC/u_core/g_intfile[6].u_intFile/toCSR_rdata_bits[25]}}
{{r:/WORK/IMSIC/intFile_6/toCSR_rdata_bits[26]} {i:/WORK/IMSIC/u_core/g_intfile[6].u_intFile/toCSR_rdata_bits[26]}}
{{r:/WORK/IMSIC/intFile_6/toCSR_rdata_bits[27]} {i:/WORK/IMSIC/u_core/g_intfile[6].u_intFile/toCSR_rdata_bits[27]}}
{{r:/WORK/IMSIC/intFile_6/toCSR_rdata_bits[28]} {i:/WORK/IMSIC/u_core/g_intfile[6].u_intFile/toCSR_rdata_bits[28]}}
{{r:/WORK/IMSIC/intFile_6/toCSR_rdata_bits[29]} {i:/WORK/IMSIC/u_core/g_intfile[6].u_intFile/toCSR_rdata_bits[29]}}
{{r:/WORK/IMSIC/intFile_6/toCSR_rdata_bits[2]} {i:/WORK/IMSIC/u_core/g_intfile[6].u_intFile/toCSR_rdata_bits[2]}}
{{r:/WORK/IMSIC/intFile_6/toCSR_rdata_bits[30]} {i:/WORK/IMSIC/u_core/g_intfile[6].u_intFile/toCSR_rdata_bits[30]}}
{{r:/WORK/IMSIC/intFile_6/toCSR_rdata_bits[31]} {i:/WORK/IMSIC/u_core/g_intfile[6].u_intFile/toCSR_rdata_bits[31]}}
{{r:/WORK/IMSIC/intFile_6/toCSR_rdata_bits[32]} {i:/WORK/IMSIC/u_core/g_intfile[6].u_intFile/toCSR_rdata_bits[32]}}
{{r:/WORK/IMSIC/intFile_6/toCSR_rdata_bits[33]} {i:/WORK/IMSIC/u_core/g_intfile[6].u_intFile/toCSR_rdata_bits[33]}}
{{r:/WORK/IMSIC/intFile_6/toCSR_rdata_bits[34]} {i:/WORK/IMSIC/u_core/g_intfile[6].u_intFile/toCSR_rdata_bits[34]}}
{{r:/WORK/IMSIC/intFile_6/toCSR_rdata_bits[35]} {i:/WORK/IMSIC/u_core/g_intfile[6].u_intFile/toCSR_rdata_bits[35]}}
{{r:/WORK/IMSIC/intFile_6/toCSR_rdata_bits[36]} {i:/WORK/IMSIC/u_core/g_intfile[6].u_intFile/toCSR_rdata_bits[36]}}
{{r:/WORK/IMSIC/intFile_6/toCSR_rdata_bits[37]} {i:/WORK/IMSIC/u_core/g_intfile[6].u_intFile/toCSR_rdata_bits[37]}}
{{r:/WORK/IMSIC/intFile_6/toCSR_rdata_bits[38]} {i:/WORK/IMSIC/u_core/g_intfile[6].u_intFile/toCSR_rdata_bits[38]}}
{{r:/WORK/IMSIC/intFile_6/toCSR_rdata_bits[39]} {i:/WORK/IMSIC/u_core/g_intfile[6].u_intFile/toCSR_rdata_bits[39]}}
{{r:/WORK/IMSIC/intFile_6/toCSR_rdata_bits[3]} {i:/WORK/IMSIC/u_core/g_intfile[6].u_intFile/toCSR_rdata_bits[3]}}
{{r:/WORK/IMSIC/intFile_6/toCSR_rdata_bits[40]} {i:/WORK/IMSIC/u_core/g_intfile[6].u_intFile/toCSR_rdata_bits[40]}}
{{r:/WORK/IMSIC/intFile_6/toCSR_rdata_bits[41]} {i:/WORK/IMSIC/u_core/g_intfile[6].u_intFile/toCSR_rdata_bits[41]}}
{{r:/WORK/IMSIC/intFile_6/toCSR_rdata_bits[42]} {i:/WORK/IMSIC/u_core/g_intfile[6].u_intFile/toCSR_rdata_bits[42]}}
{{r:/WORK/IMSIC/intFile_6/toCSR_rdata_bits[43]} {i:/WORK/IMSIC/u_core/g_intfile[6].u_intFile/toCSR_rdata_bits[43]}}
{{r:/WORK/IMSIC/intFile_6/toCSR_rdata_bits[44]} {i:/WORK/IMSIC/u_core/g_intfile[6].u_intFile/toCSR_rdata_bits[44]}}
{{r:/WORK/IMSIC/intFile_6/toCSR_rdata_bits[45]} {i:/WORK/IMSIC/u_core/g_intfile[6].u_intFile/toCSR_rdata_bits[45]}}
{{r:/WORK/IMSIC/intFile_6/toCSR_rdata_bits[46]} {i:/WORK/IMSIC/u_core/g_intfile[6].u_intFile/toCSR_rdata_bits[46]}}
{{r:/WORK/IMSIC/intFile_6/toCSR_rdata_bits[47]} {i:/WORK/IMSIC/u_core/g_intfile[6].u_intFile/toCSR_rdata_bits[47]}}
{{r:/WORK/IMSIC/intFile_6/toCSR_rdata_bits[48]} {i:/WORK/IMSIC/u_core/g_intfile[6].u_intFile/toCSR_rdata_bits[48]}}
{{r:/WORK/IMSIC/intFile_6/toCSR_rdata_bits[49]} {i:/WORK/IMSIC/u_core/g_intfile[6].u_intFile/toCSR_rdata_bits[49]}}
{{r:/WORK/IMSIC/intFile_6/toCSR_rdata_bits[4]} {i:/WORK/IMSIC/u_core/g_intfile[6].u_intFile/toCSR_rdata_bits[4]}}
{{r:/WORK/IMSIC/intFile_6/toCSR_rdata_bits[50]} {i:/WORK/IMSIC/u_core/g_intfile[6].u_intFile/toCSR_rdata_bits[50]}}
{{r:/WORK/IMSIC/intFile_6/toCSR_rdata_bits[51]} {i:/WORK/IMSIC/u_core/g_intfile[6].u_intFile/toCSR_rdata_bits[51]}}
{{r:/WORK/IMSIC/intFile_6/toCSR_rdata_bits[52]} {i:/WORK/IMSIC/u_core/g_intfile[6].u_intFile/toCSR_rdata_bits[52]}}
{{r:/WORK/IMSIC/intFile_6/toCSR_rdata_bits[53]} {i:/WORK/IMSIC/u_core/g_intfile[6].u_intFile/toCSR_rdata_bits[53]}}
{{r:/WORK/IMSIC/intFile_6/toCSR_rdata_bits[54]} {i:/WORK/IMSIC/u_core/g_intfile[6].u_intFile/toCSR_rdata_bits[54]}}
{{r:/WORK/IMSIC/intFile_6/toCSR_rdata_bits[55]} {i:/WORK/IMSIC/u_core/g_intfile[6].u_intFile/toCSR_rdata_bits[55]}}
{{r:/WORK/IMSIC/intFile_6/toCSR_rdata_bits[56]} {i:/WORK/IMSIC/u_core/g_intfile[6].u_intFile/toCSR_rdata_bits[56]}}
{{r:/WORK/IMSIC/intFile_6/toCSR_rdata_bits[57]} {i:/WORK/IMSIC/u_core/g_intfile[6].u_intFile/toCSR_rdata_bits[57]}}
{{r:/WORK/IMSIC/intFile_6/toCSR_rdata_bits[58]} {i:/WORK/IMSIC/u_core/g_intfile[6].u_intFile/toCSR_rdata_bits[58]}}
{{r:/WORK/IMSIC/intFile_6/toCSR_rdata_bits[59]} {i:/WORK/IMSIC/u_core/g_intfile[6].u_intFile/toCSR_rdata_bits[59]}}
{{r:/WORK/IMSIC/intFile_6/toCSR_rdata_bits[5]} {i:/WORK/IMSIC/u_core/g_intfile[6].u_intFile/toCSR_rdata_bits[5]}}
{{r:/WORK/IMSIC/intFile_6/toCSR_rdata_bits[60]} {i:/WORK/IMSIC/u_core/g_intfile[6].u_intFile/toCSR_rdata_bits[60]}}
{{r:/WORK/IMSIC/intFile_6/toCSR_rdata_bits[61]} {i:/WORK/IMSIC/u_core/g_intfile[6].u_intFile/toCSR_rdata_bits[61]}}
{{r:/WORK/IMSIC/intFile_6/toCSR_rdata_bits[62]} {i:/WORK/IMSIC/u_core/g_intfile[6].u_intFile/toCSR_rdata_bits[62]}}
{{r:/WORK/IMSIC/intFile_6/toCSR_rdata_bits[63]} {i:/WORK/IMSIC/u_core/g_intfile[6].u_intFile/toCSR_rdata_bits[63]}}
{{r:/WORK/IMSIC/intFile_6/toCSR_rdata_bits[6]} {i:/WORK/IMSIC/u_core/g_intfile[6].u_intFile/toCSR_rdata_bits[6]}}
{{r:/WORK/IMSIC/intFile_6/toCSR_rdata_bits[7]} {i:/WORK/IMSIC/u_core/g_intfile[6].u_intFile/toCSR_rdata_bits[7]}}
{{r:/WORK/IMSIC/intFile_6/toCSR_rdata_bits[8]} {i:/WORK/IMSIC/u_core/g_intfile[6].u_intFile/toCSR_rdata_bits[8]}}
{{r:/WORK/IMSIC/intFile_6/toCSR_rdata_bits[9]} {i:/WORK/IMSIC/u_core/g_intfile[6].u_intFile/toCSR_rdata_bits[9]}}
{r:/WORK/IMSIC/intFile_6/toCSR_rdata_valid {i:/WORK/IMSIC/u_core/g_intfile[6].u_intFile/toCSR_rdata_valid}}
{{r:/WORK/IMSIC/intFile_6/toCSR_topei[0]} {i:/WORK/IMSIC/u_core/g_intfile[6].u_intFile/toCSR_topei[0]}}
{{r:/WORK/IMSIC/intFile_6/toCSR_topei[1]} {i:/WORK/IMSIC/u_core/g_intfile[6].u_intFile/toCSR_topei[1]}}
{{r:/WORK/IMSIC/intFile_6/toCSR_topei[2]} {i:/WORK/IMSIC/u_core/g_intfile[6].u_intFile/toCSR_topei[2]}}
{{r:/WORK/IMSIC/intFile_6/toCSR_topei[3]} {i:/WORK/IMSIC/u_core/g_intfile[6].u_intFile/toCSR_topei[3]}}
{{r:/WORK/IMSIC/intFile_6/toCSR_topei[4]} {i:/WORK/IMSIC/u_core/g_intfile[6].u_intFile/toCSR_topei[4]}}
{{r:/WORK/IMSIC/intFile_6/toCSR_topei[5]} {i:/WORK/IMSIC/u_core/g_intfile[6].u_intFile/toCSR_topei[5]}}
{{r:/WORK/IMSIC/intFile_6/toCSR_topei[6]} {i:/WORK/IMSIC/u_core/g_intfile[6].u_intFile/toCSR_topei[6]}}
{{r:/WORK/IMSIC/intFile_6/toCSR_topei[7]} {i:/WORK/IMSIC/u_core/g_intfile[6].u_intFile/toCSR_topei[7]}}
