**************************************************
Report         : status
                 -short 

Reference      : r:/WORK/Bku
Implementation : i:/WORK/Bku
Version        : V-2023.12-SP3
Date           : Sun Jul 19 12:06:35 2026
**************************************************

Reference Design:      r:/WORK/Bku
Implementation Design: i:/WORK/Bku
Verification
   Status:             FAILED
   Passing Points:     1864
   Failing Points:     20
   Aborted Points:     0
   Unverified Points:  120
Diagnosis
   Status:             Not Run
   Error Candidates:   0
User Defined Setup
   Equivalences:       0
   Compare Points:     0
   Constants:          0
1
